#
# There is insufficient memory for the Java Runtime Environment to continue.
# Native memory allocation (mmap) failed to map 55574528 bytes for Failed to commit area from 0x0000000714a00000 to 0x0000000717f00000 of length 55574528.
# Possible reasons:
#   The system is out of physical RAM or swap space
#   The process is running with CompressedOops enabled, and the Java Heap may be blocking the growth of the native heap
# Possible solutions:
#   Reduce memory load on the system
#   Increase physical memory or swap space
#   Check if swap backing store is full
#   Decrease Java heap size (-Xmx/-Xms)
#   Decrease number of Java threads
#   Decrease Java thread stack sizes (-Xss)
#   Set larger code cache with -XX:ReservedCodeCacheSize=
#   JVM is running with Zero Based Compressed Oops mode in which the Java heap is
#     placed in the first 32GB address space. The Java Heap base address is the
#     maximum limit for the native heap growth. Please use -XX:HeapBaseMinAddress
#     to set the Java Heap base and to place the Java Heap above 32GB virtual address.
# This output file may be truncated or incomplete.
#
#  Out of Memory Error (t:/workspace/open/src/hotspot/os/windows/os_windows.cpp:3301), pid=4832, tid=14052
#
# JRE version: OpenJDK Runtime Environment (13.0.2+8) (build 13.0.2+8)
# Java VM: OpenJDK 64-Bit Server VM (13.0.2+8, mixed mode, sharing, tiered, compressed oops, g1 gc, windows-amd64)
# No core dump will be written. Minidumps are not enabled by default on client versions of Windows
#

---------------  S U M M A R Y ------------

Command Line: -Dmaven.home=EMBEDDED -Dclassworlds.conf=D:\workspace\.metadata\.plugins\org.eclipse.m2e.launching\launches\m2conf16104426486204556742.tmp -Dmaven.multiModuleProjectDirectory=C:\Users\KIM\git\SpringBootJpaShopBookRemake\jpa_shop_book_re -Djansi.force=true -Djansi.passthrough=true -Dfile.encoding=UTF-8 org.codehaus.plexus.classworlds.launcher.Launcher -Ppom.xml -B install -Dstyle.color=always

Host: Intel(R) Core(TM) i5-1035G7 CPU @ 1.20GHz, 8 cores, 15G,  Windows 10 , 64 bit Build 19041 (10.0.19041.1566)
Time: Sun Apr 10 16:36:18 2022 대한민국 표준시 elapsed time: 39 seconds (0d 0h 0m 39s)

---------------  T H R E A D  ---------------

Current thread (0x000002ab3fade800):  VMThread "VM Thread" [stack: 0x000000e368800000,0x000000e368900000] [id=14052]

Stack: [0x000000e368800000,0x000000e368900000]
[error occurred during error reporting (printing stack bounds), id 0xc0000005, EXCEPTION_ACCESS_VIOLATION (0xc0000005) at pc=0x000002ab24571267]

Native frames: (J=compiled Java code, j=interpreted, Vv=VM code, C=native code)
V  [jvm.dll+0x624f9a]
V  [jvm.dll+0x770cfa]
V  [jvm.dll+0x7724af]
V  [jvm.dll+0x772a15]
V  [jvm.dll+0x7729cb]
V  [jvm.dll+0x6244df]
C  [ntdll.dll+0x78a3c]
C  [ntdll.dll+0x51276]
C  [ntdll.dll+0xa0bfe]
C  0x000002ab24571267

VM_Operation (0x000000e36a2fe9a0): G1CollectForAllocation, mode: safepoint, requested by thread 0x000002ab41c7d000


---------------  P R O C E S S  ---------------

Threads class SMR info:
_java_thread_list=0x000002ab40ee8360, length=21, elements={
0x000002ab1c05e800, 0x000002ab3fae7000, 0x000002ab3faeb800, 0x000002ab40391000,
0x000002ab40392800, 0x000002ab40393800, 0x000002ab40399000, 0x000002ab4039c800,
0x000002ab404e5800, 0x000002ab404da800, 0x000002ab41252800, 0x000002ab457cc800,
0x000002ab45171800, 0x000002ab46c60800, 0x000002ab44119800, 0x000002ab42a99000,
0x000002ab458e8000, 0x000002ab41c7d000, 0x000002ab41d47800, 0x000002ab41d48000,
0x000002ab41d49000
}

Java Threads: ( => current thread )
  0x000002ab1c05e800 JavaThread "main" [_thread_in_native, id=7556, stack(0x000000e368200000,0x000000e368300000)]
  0x000002ab3fae7000 JavaThread "Reference Handler" daemon [_thread_blocked, id=17272, stack(0x000000e368900000,0x000000e368a00000)]
  0x000002ab3faeb800 JavaThread "Finalizer" daemon [_thread_blocked, id=17256, stack(0x000000e368a00000,0x000000e368b00000)]
  0x000002ab40391000 JavaThread "Signal Dispatcher" daemon [_thread_blocked, id=19836, stack(0x000000e368b00000,0x000000e368c00000)]
  0x000002ab40392800 JavaThread "Attach Listener" daemon [_thread_blocked, id=21564, stack(0x000000e368c00000,0x000000e368d00000)]
  0x000002ab40393800 JavaThread "C2 CompilerThread0" daemon [_thread_blocked, id=17788, stack(0x000000e368d00000,0x000000e368e00000)]
  0x000002ab40399000 JavaThread "C1 CompilerThread0" daemon [_thread_blocked, id=19744, stack(0x000000e368e00000,0x000000e368f00000)]
  0x000002ab4039c800 JavaThread "Sweeper thread" daemon [_thread_blocked, id=2012, stack(0x000000e368f00000,0x000000e369000000)]
  0x000002ab404e5800 JavaThread "Service Thread" daemon [_thread_blocked, id=5852, stack(0x000000e369000000,0x000000e369100000)]
  0x000002ab404da800 JavaThread "Common-Cleaner" daemon [_thread_blocked, id=20432, stack(0x000000e369200000,0x000000e369300000)]
  0x000002ab41252800 JavaThread "resolver-1" daemon [_thread_blocked, id=14236, stack(0x000000e369b00000,0x000000e369c00000)]
  0x000002ab457cc800 JavaThread "resolver-2" daemon [_thread_blocked, id=17036, stack(0x000000e369c00000,0x000000e369d00000)]
  0x000002ab45171800 JavaThread "resolver-3" daemon [_thread_blocked, id=14096, stack(0x000000e369d00000,0x000000e369e00000)]
  0x000002ab46c60800 JavaThread "resolver-4" daemon [_thread_blocked, id=1508, stack(0x000000e369e00000,0x000000e369f00000)]
  0x000002ab44119800 JavaThread "resolver-5" daemon [_thread_blocked, id=21228, stack(0x000000e369f00000,0x000000e36a000000)]
  0x000002ab42a99000 JavaThread "timeout-check-timer" daemon [_thread_blocked, id=4912, stack(0x000000e36a000000,0x000000e36a100000)]
  0x000002ab458e8000 JavaThread "ping-timer-10s" daemon [_thread_blocked, id=7484, stack(0x000000e36a100000,0x000000e36a200000)]
  0x000002ab41c7d000 JavaThread "ThreadedStreamConsumer" daemon [_thread_blocked, id=4964, stack(0x000000e36a200000,0x000000e36a300000)]
  0x000002ab41d47800 JavaThread "Thread-2" [_thread_blocked, id=8124, stack(0x000000e36a300000,0x000000e36a400000)]
  0x000002ab41d48000 JavaThread "Thread-3" [_thread_in_native, id=3704, stack(0x000000e36a400000,0x000000e36a500000)]
  0x000002ab41d49000 JavaThread "Thread-4" [_thread_in_native, id=9820, stack(0x000000e36a500000,0x000000e36a600000)]

Other Threads:
=>0x000002ab3fade800 VMThread "VM Thread" [stack: 0x000000e368800000,0x000000e368900000] [id=14052]
  0x000002ab404d9800 WatcherThread [stack: 0x000000e369100000,0x000000e369200000] [id=19736]
  0x000002ab1c0ca000 GCTaskThread "GC Thread#0" [stack: 0x000000e368300000,0x000000e368400000] [id=8952]
  0x000002ab412d8000 GCTaskThread "GC Thread#1" [stack: 0x000000e369500000,0x000000e369600000] [id=11144]
  0x000002ab412d7800 GCTaskThread "GC Thread#2" [stack: 0x000000e369600000,0x000000e369700000] [id=432]
  0x000002ab412d9000 GCTaskThread "GC Thread#3" [stack: 0x000000e369700000,0x000000e369800000] [id=14144]
  0x000002ab412da800 GCTaskThread "GC Thread#4" [stack: 0x000000e369800000,0x000000e369900000] [id=20768]
  0x000002ab412d7000 GCTaskThread "GC Thread#5" [stack: 0x000000e369900000,0x000000e369a00000] [id=13872]
  0x000002ab412db800 GCTaskThread "GC Thread#6" [stack: 0x000000e36a600000,0x000000e36a700000] [id=1404]
  0x000002ab412db000 GCTaskThread "GC Thread#7" [stack: 0x000000e36a700000,0x000000e36a800000] [id=2928]
  0x000002ab1c0eb800 ConcurrentGCThread "G1 Main Marker" [stack: 0x000000e368400000,0x000000e368500000] [id=7472]
  0x000002ab1c0ed800 ConcurrentGCThread "G1 Conc#0" [stack: 0x000000e368500000,0x000000e368600000] [id=812]
  0x000002ab412d6000 ConcurrentGCThread "G1 Conc#1" [stack: 0x000000e369400000,0x000000e369500000] [id=15356]
  0x000002ab3f9dd800 ConcurrentGCThread "G1 Refine#0" [stack: 0x000000e368600000,0x000000e368700000] [id=9052]
  0x000002ab3f9e0800 ConcurrentGCThread "G1 Young RemSet Sampling" [stack: 0x000000e368700000,0x000000e368800000] [id=5088]

Threads with active compile tasks:

VM state:at safepoint (normal execution)

VM Mutex/Monitor currently owned by a thread:  ([mutex/lock_event])
[0x000002ab1c05a420] Threads_lock - owner thread: 0x000002ab3fade800
[0x000002ab1c059fa0] Heap_lock - owner thread: 0x000002ab41c7d000

Heap address: 0x0000000704200000, size: 4030 MB, Compressed Oops mode: Zero based, Oop shift amount: 3
Narrow klass base: 0x0000000800000000, Narrow klass shift: 3
Compressed class space size: 1073741824 Address: 0x0000000800b40000

Heap:
 garbage-first heap   total 324608K, used 85658K [0x0000000704200000, 0x0000000800000000)
  region size 1024K, 4 young (4096K), 4 survivors (4096K)
 Metaspace       used 34122K, capacity 35239K, committed 35456K, reserved 1081344K
  class space    used 3696K, capacity 4112K, committed 4224K, reserved 1048576K
Heap Regions: E=young(eden), S=young(survivor), O=old, HS=humongous(starts), HC=humongous(continues), CS=collection set, F=free, A=archive, TAMS=top-at-mark-start (previous, next)
|   0|0x0000000704200000, 0x0000000704300000, 0x0000000704300000|100%| O|  |TAMS 0x0000000704300000, 0x0000000704200000| Untracked 
|   1|0x0000000704300000, 0x0000000704400000, 0x0000000704400000|100%| O|  |TAMS 0x0000000704300000, 0x0000000704300000| Untracked 
|   2|0x0000000704400000, 0x0000000704500000, 0x0000000704500000|100%| O|  |TAMS 0x0000000704500000, 0x0000000704400000| Untracked 
|   3|0x0000000704500000, 0x0000000704600000, 0x0000000704600000|100%| O|  |TAMS 0x0000000704600000, 0x0000000704500000| Untracked 
|   4|0x0000000704600000, 0x0000000704700000, 0x0000000704700000|100%| O|  |TAMS 0x0000000704700000, 0x0000000704600000| Untracked 
|   5|0x0000000704700000, 0x0000000704800000, 0x0000000704800000|100%| O|  |TAMS 0x0000000704800000, 0x0000000704700000| Untracked 
|   6|0x0000000704800000, 0x0000000704900000, 0x0000000704900000|100%| O|  |TAMS 0x0000000704900000, 0x0000000704800000| Untracked 
|   7|0x0000000704900000, 0x0000000704a00000, 0x0000000704a00000|100%| O|  |TAMS 0x0000000704a00000, 0x0000000704900000| Untracked 
|   8|0x0000000704a00000, 0x0000000704b00000, 0x0000000704b00000|100%| O|  |TAMS 0x0000000704b00000, 0x0000000704a00000| Untracked 
|   9|0x0000000704b00000, 0x0000000704c00000, 0x0000000704c00000|100%| O|  |TAMS 0x0000000704c00000, 0x0000000704b00000| Untracked 
|  10|0x0000000704c00000, 0x0000000704d00000, 0x0000000704d00000|100%| O|  |TAMS 0x0000000704d00000, 0x0000000704c00000| Untracked 
|  11|0x0000000704d00000, 0x0000000704e00000, 0x0000000704e00000|100%| O|  |TAMS 0x0000000704e00000, 0x0000000704d00000| Untracked 
|  12|0x0000000704e00000, 0x0000000704f00000, 0x0000000704f00000|100%| O|  |TAMS 0x0000000704f00000, 0x0000000704e00000| Untracked 
|  13|0x0000000704f00000, 0x0000000704fbb200, 0x0000000705000000| 73%| O|  |TAMS 0x0000000704fbb200, 0x0000000704f00000| Untracked 
|  14|0x0000000705000000, 0x0000000705100000, 0x0000000705100000|100%|HS|  |TAMS 0x0000000705100000, 0x0000000705000000| Complete 
|  15|0x0000000705100000, 0x0000000705200000, 0x0000000705200000|100%| O|  |TAMS 0x0000000705200000, 0x0000000705100000| Untracked 
|  16|0x0000000705200000, 0x0000000705300000, 0x0000000705300000|100%| O|  |TAMS 0x0000000705300000, 0x0000000705200000| Untracked 
|  17|0x0000000705300000, 0x0000000705400000, 0x0000000705400000|100%| O|  |TAMS 0x0000000705400000, 0x0000000705300000| Untracked 
|  18|0x0000000705400000, 0x0000000705500000, 0x0000000705500000|100%| O|  |TAMS 0x0000000705500000, 0x0000000705400000| Untracked 
|  19|0x0000000705500000, 0x0000000705600000, 0x0000000705600000|100%| O|  |TAMS 0x0000000705600000, 0x0000000705500000| Untracked 
|  20|0x0000000705600000, 0x0000000705700000, 0x0000000705700000|100%| O|  |TAMS 0x0000000705700000, 0x0000000705600000| Untracked 
|  21|0x0000000705700000, 0x0000000705800000, 0x0000000705800000|100%| O|  |TAMS 0x0000000705800000, 0x0000000705700000| Untracked 
|  22|0x0000000705800000, 0x0000000705900000, 0x0000000705900000|100%| O|  |TAMS 0x0000000705900000, 0x0000000705800000| Untracked 
|  23|0x0000000705900000, 0x0000000705a00000, 0x0000000705a00000|100%| O|  |TAMS 0x0000000705a00000, 0x0000000705900000| Untracked 
|  24|0x0000000705a00000, 0x0000000705b00000, 0x0000000705b00000|100%| O|  |TAMS 0x0000000705b00000, 0x0000000705a00000| Untracked 
|  25|0x0000000705b00000, 0x0000000705c00000, 0x0000000705c00000|100%| O|  |TAMS 0x0000000705c00000, 0x0000000705b00000| Untracked 
|  26|0x0000000705c00000, 0x0000000705d00000, 0x0000000705d00000|100%| O|  |TAMS 0x0000000705d00000, 0x0000000705c00000| Untracked 
|  27|0x0000000705d00000, 0x0000000705e00000, 0x0000000705e00000|100%| O|  |TAMS 0x0000000705e00000, 0x0000000705d00000| Untracked 
|  28|0x0000000705e00000, 0x0000000705f00000, 0x0000000705f00000|100%| O|  |TAMS 0x0000000705f00000, 0x0000000705e00000| Untracked 
|  29|0x0000000705f00000, 0x0000000706000000, 0x0000000706000000|100%| O|  |TAMS 0x0000000706000000, 0x0000000705f00000| Untracked 
|  30|0x0000000706000000, 0x0000000706100000, 0x0000000706100000|100%| O|  |TAMS 0x0000000706100000, 0x0000000706000000| Untracked 
|  31|0x0000000706100000, 0x0000000706200000, 0x0000000706200000|100%| O|  |TAMS 0x0000000706200000, 0x0000000706100000| Untracked 
|  32|0x0000000706200000, 0x0000000706300000, 0x0000000706300000|100%| O|  |TAMS 0x0000000706300000, 0x0000000706200000| Untracked 
|  33|0x0000000706300000, 0x0000000706400000, 0x0000000706400000|100%| O|  |TAMS 0x0000000706400000, 0x0000000706300000| Untracked 
|  34|0x0000000706400000, 0x0000000706500000, 0x0000000706500000|100%|HS|  |TAMS 0x0000000706500000, 0x0000000706400000| Complete 
|  35|0x0000000706500000, 0x0000000706600000, 0x0000000706600000|100%| O|  |TAMS 0x0000000706600000, 0x0000000706500000| Untracked 
|  36|0x0000000706600000, 0x0000000706700000, 0x0000000706700000|100%| O|  |TAMS 0x0000000706700000, 0x0000000706600000| Untracked 
|  37|0x0000000706700000, 0x0000000706800000, 0x0000000706800000|100%| O|  |TAMS 0x0000000706800000, 0x0000000706700000| Untracked 
|  38|0x0000000706800000, 0x0000000706900000, 0x0000000706900000|100%| O|  |TAMS 0x000000070689b600, 0x0000000706800000| Untracked 
|  39|0x0000000706900000, 0x0000000706a00000, 0x0000000706a00000|100%| O|  |TAMS 0x0000000706900000, 0x0000000706900000| Untracked 
|  40|0x0000000706a00000, 0x0000000706a00000, 0x0000000706b00000|  0%| F|  |TAMS 0x0000000706a00000, 0x0000000706a00000| Untracked 
|  41|0x0000000706b00000, 0x0000000706c00000, 0x0000000706c00000|100%|HS|  |TAMS 0x0000000706b00000, 0x0000000706b00000| Complete 
|  42|0x0000000706c00000, 0x0000000706d00000, 0x0000000706d00000|100%| O|  |TAMS 0x0000000706c00000, 0x0000000706c00000| Untracked 
|  43|0x0000000706d00000, 0x0000000706e00000, 0x0000000706e00000|100%| O|  |TAMS 0x0000000706d00000, 0x0000000706d00000| Untracked 
|  44|0x0000000706e00000, 0x0000000706f00000, 0x0000000706f00000|100%| O|  |TAMS 0x0000000706e00000, 0x0000000706e00000| Untracked 
|  45|0x0000000706f00000, 0x0000000707000000, 0x0000000707000000|100%| O|  |TAMS 0x0000000706f00000, 0x0000000706f00000| Untracked 
|  46|0x0000000707000000, 0x0000000707100000, 0x0000000707100000|100%| O|  |TAMS 0x0000000707000000, 0x0000000707000000| Untracked 
|  47|0x0000000707100000, 0x0000000707200000, 0x0000000707200000|100%| O|  |TAMS 0x0000000707100000, 0x0000000707100000| Untracked 
|  48|0x0000000707200000, 0x0000000707300000, 0x0000000707300000|100%| O|  |TAMS 0x0000000707200000, 0x0000000707200000| Untracked 
|  49|0x0000000707300000, 0x0000000707400000, 0x0000000707400000|100%|HS|  |TAMS 0x0000000707300000, 0x0000000707300000| Complete 
|  50|0x0000000707400000, 0x0000000707500000, 0x0000000707500000|100%| O|  |TAMS 0x0000000707400000, 0x0000000707400000| Untracked 
|  51|0x0000000707500000, 0x0000000707600000, 0x0000000707600000|100%| O|  |TAMS 0x0000000707600000, 0x0000000707500000| Untracked 
|  52|0x0000000707600000, 0x0000000707700000, 0x0000000707700000|100%| O|  |TAMS 0x0000000707700000, 0x0000000707600000| Untracked 
|  53|0x0000000707700000, 0x0000000707800000, 0x0000000707800000|100%| O|  |TAMS 0x0000000707700000, 0x0000000707700000| Untracked 
|  54|0x0000000707800000, 0x0000000707900000, 0x0000000707900000|100%| O|  |TAMS 0x0000000707800000, 0x0000000707800000| Untracked 
|  55|0x0000000707900000, 0x0000000707a00000, 0x0000000707a00000|100%| O|  |TAMS 0x0000000707900000, 0x0000000707900000| Untracked 
|  56|0x0000000707a00000, 0x0000000707b00000, 0x0000000707b00000|100%| O|  |TAMS 0x0000000707a00000, 0x0000000707a00000| Untracked 
|  57|0x0000000707b00000, 0x0000000707c00000, 0x0000000707c00000|100%| O|  |TAMS 0x0000000707b00000, 0x0000000707b00000| Untracked 
|  58|0x0000000707c00000, 0x0000000707d00000, 0x0000000707d00000|100%| O|  |TAMS 0x0000000707c00000, 0x0000000707c00000| Untracked 
|  59|0x0000000707d00000, 0x0000000707e00000, 0x0000000707e00000|100%| O|  |TAMS 0x0000000707d00000, 0x0000000707d00000| Untracked 
|  60|0x0000000707e00000, 0x0000000707f00000, 0x0000000707f00000|100%| O|  |TAMS 0x0000000707e00000, 0x0000000707e00000| Untracked 
|  61|0x0000000707f00000, 0x0000000708000000, 0x0000000708000000|100%| O|  |TAMS 0x0000000707f00000, 0x0000000707f00000| Untracked 
|  62|0x0000000708000000, 0x0000000708100000, 0x0000000708100000|100%| O|  |TAMS 0x0000000708000000, 0x0000000708000000| Untracked 
|  63|0x0000000708100000, 0x0000000708200000, 0x0000000708200000|100%| O|  |TAMS 0x0000000708100000, 0x0000000708100000| Untracked 
|  64|0x0000000708200000, 0x0000000708300000, 0x0000000708300000|100%| O|  |TAMS 0x0000000708200000, 0x0000000708200000| Untracked 
|  65|0x0000000708300000, 0x0000000708400000, 0x0000000708400000|100%| O|  |TAMS 0x0000000708300000, 0x0000000708300000| Untracked 
|  66|0x0000000708400000, 0x0000000708500000, 0x0000000708500000|100%| O|  |TAMS 0x0000000708400000, 0x0000000708400000| Untracked 
|  67|0x0000000708500000, 0x0000000708600000, 0x0000000708600000|100%| O|  |TAMS 0x0000000708500000, 0x0000000708500000| Untracked 
|  68|0x0000000708600000, 0x0000000708700000, 0x0000000708700000|100%| O|  |TAMS 0x0000000708600000, 0x0000000708600000| Untracked 
|  69|0x0000000708700000, 0x0000000708800000, 0x0000000708800000|100%| O|  |TAMS 0x0000000708700000, 0x0000000708700000| Untracked 
|  70|0x0000000708800000, 0x0000000708900000, 0x0000000708900000|100%| O|  |TAMS 0x0000000708800000, 0x0000000708800000| Untracked 
|  71|0x0000000708900000, 0x0000000708a00000, 0x0000000708a00000|100%| O|  |TAMS 0x0000000708900000, 0x0000000708900000| Untracked 
|  72|0x0000000708a00000, 0x0000000708b00000, 0x0000000708b00000|100%| O|  |TAMS 0x0000000708a00000, 0x0000000708a00000| Untracked 
|  73|0x0000000708b00000, 0x0000000708c00000, 0x0000000708c00000|100%| O|  |TAMS 0x0000000708b00000, 0x0000000708b00000| Untracked 
|  74|0x0000000708c00000, 0x0000000708d00000, 0x0000000708d00000|100%| O|  |TAMS 0x0000000708c00000, 0x0000000708c00000| Untracked 
|  75|0x0000000708d00000, 0x0000000708e00000, 0x0000000708e00000|100%| O|  |TAMS 0x0000000708d00000, 0x0000000708d00000| Untracked 
|  76|0x0000000708e00000, 0x0000000708f00000, 0x0000000708f00000|100%| O|  |TAMS 0x0000000708e00000, 0x0000000708e00000| Untracked 
|  77|0x0000000708f00000, 0x0000000709000000, 0x0000000709000000|100%| O|  |TAMS 0x0000000708f00000, 0x0000000708f00000| Untracked 
|  78|0x0000000709000000, 0x0000000709100000, 0x0000000709100000|100%| O|  |TAMS 0x0000000709000000, 0x0000000709000000| Untracked 
|  79|0x0000000709100000, 0x0000000709200000, 0x0000000709200000|100%| O|  |TAMS 0x0000000709100000, 0x0000000709100000| Untracked 
|  80|0x0000000709200000, 0x0000000709300000, 0x0000000709300000|100%| O|  |TAMS 0x0000000709200000, 0x0000000709200000| Untracked 
|  81|0x0000000709300000, 0x000000070932cc00, 0x0000000709400000| 17%| O|  |TAMS 0x0000000709300000, 0x0000000709300000| Untracked 
|  82|0x0000000709400000, 0x0000000709400000, 0x0000000709500000|  0%| F|  |TAMS 0x0000000709400000, 0x0000000709400000| Untracked 
|  83|0x0000000709500000, 0x0000000709500000, 0x0000000709600000|  0%| F|  |TAMS 0x0000000709500000, 0x0000000709500000| Untracked 
|  84|0x0000000709600000, 0x0000000709600000, 0x0000000709700000|  0%| F|  |TAMS 0x0000000709600000, 0x0000000709600000| Untracked 
|  85|0x0000000709700000, 0x0000000709700000, 0x0000000709800000|  0%| F|  |TAMS 0x0000000709700000, 0x0000000709700000| Untracked 
|  86|0x0000000709800000, 0x0000000709800000, 0x0000000709900000|  0%| F|  |TAMS 0x0000000709800000, 0x0000000709800000| Untracked 
|  87|0x0000000709900000, 0x0000000709900000, 0x0000000709a00000|  0%| F|  |TAMS 0x0000000709900000, 0x0000000709900000| Untracked 
|  88|0x0000000709a00000, 0x0000000709a00000, 0x0000000709b00000|  0%| F|  |TAMS 0x0000000709a00000, 0x0000000709a00000| Untracked 
|  89|0x0000000709b00000, 0x0000000709b00000, 0x0000000709c00000|  0%| F|  |TAMS 0x0000000709b00000, 0x0000000709b00000| Untracked 
|  90|0x0000000709c00000, 0x0000000709c00000, 0x0000000709d00000|  0%| F|  |TAMS 0x0000000709c00000, 0x0000000709c00000| Untracked 
|  91|0x0000000709d00000, 0x0000000709d00000, 0x0000000709e00000|  0%| F|  |TAMS 0x0000000709d00000, 0x0000000709d00000| Untracked 
|  92|0x0000000709e00000, 0x0000000709e00000, 0x0000000709f00000|  0%| F|  |TAMS 0x0000000709e00000, 0x0000000709e00000| Untracked 
|  93|0x0000000709f00000, 0x0000000709f00000, 0x000000070a000000|  0%| F|  |TAMS 0x0000000709f00000, 0x0000000709f00000| Untracked 
|  94|0x000000070a000000, 0x000000070a000000, 0x000000070a100000|  0%| F|  |TAMS 0x000000070a000000, 0x000000070a000000| Untracked 
|  95|0x000000070a100000, 0x000000070a100000, 0x000000070a200000|  0%| F|  |TAMS 0x000000070a100000, 0x000000070a100000| Untracked 
|  96|0x000000070a200000, 0x000000070a200000, 0x000000070a300000|  0%| F|  |TAMS 0x000000070a200000, 0x000000070a200000| Untracked 
|  97|0x000000070a300000, 0x000000070a300000, 0x000000070a400000|  0%| F|  |TAMS 0x000000070a300000, 0x000000070a300000| Untracked 
|  98|0x000000070a400000, 0x000000070a400000, 0x000000070a500000|  0%| F|  |TAMS 0x000000070a400000, 0x000000070a400000| Untracked 
|  99|0x000000070a500000, 0x000000070a500000, 0x000000070a600000|  0%| F|  |TAMS 0x000000070a500000, 0x000000070a500000| Untracked 
| 100|0x000000070a600000, 0x000000070a600000, 0x000000070a700000|  0%| F|  |TAMS 0x000000070a600000, 0x000000070a600000| Untracked 
| 101|0x000000070a700000, 0x000000070a700000, 0x000000070a800000|  0%| F|  |TAMS 0x000000070a700000, 0x000000070a700000| Untracked 
| 102|0x000000070a800000, 0x000000070a800000, 0x000000070a900000|  0%| F|  |TAMS 0x000000070a800000, 0x000000070a800000| Untracked 
| 103|0x000000070a900000, 0x000000070a900000, 0x000000070aa00000|  0%| F|  |TAMS 0x000000070a900000, 0x000000070a900000| Untracked 
| 104|0x000000070aa00000, 0x000000070aa00000, 0x000000070ab00000|  0%| F|  |TAMS 0x000000070aa00000, 0x000000070aa00000| Untracked 
| 105|0x000000070ab00000, 0x000000070ab00000, 0x000000070ac00000|  0%| F|  |TAMS 0x000000070ab00000, 0x000000070ab00000| Untracked 
| 106|0x000000070ac00000, 0x000000070ac00000, 0x000000070ad00000|  0%| F|  |TAMS 0x000000070ac00000, 0x000000070ac00000| Untracked 
| 107|0x000000070ad00000, 0x000000070ad00000, 0x000000070ae00000|  0%| F|  |TAMS 0x000000070ad00000, 0x000000070ad00000| Untracked 
| 108|0x000000070ae00000, 0x000000070ae00000, 0x000000070af00000|  0%| F|  |TAMS 0x000000070ae00000, 0x000000070ae00000| Untracked 
| 109|0x000000070af00000, 0x000000070af00000, 0x000000070b000000|  0%| F|  |TAMS 0x000000070af00000, 0x000000070af00000| Untracked 
| 110|0x000000070b000000, 0x000000070b000000, 0x000000070b100000|  0%| F|  |TAMS 0x000000070b000000, 0x000000070b000000| Untracked 
| 111|0x000000070b100000, 0x000000070b100000, 0x000000070b200000|  0%| F|  |TAMS 0x000000070b100000, 0x000000070b100000| Untracked 
| 112|0x000000070b200000, 0x000000070b200000, 0x000000070b300000|  0%| F|  |TAMS 0x000000070b200000, 0x000000070b200000| Untracked 
| 113|0x000000070b300000, 0x000000070b300000, 0x000000070b400000|  0%| F|  |TAMS 0x000000070b300000, 0x000000070b300000| Untracked 
| 114|0x000000070b400000, 0x000000070b400000, 0x000000070b500000|  0%| F|  |TAMS 0x000000070b400000, 0x000000070b400000| Untracked 
| 115|0x000000070b500000, 0x000000070b500000, 0x000000070b600000|  0%| F|  |TAMS 0x000000070b500000, 0x000000070b500000| Untracked 
| 116|0x000000070b600000, 0x000000070b600000, 0x000000070b700000|  0%| F|  |TAMS 0x000000070b600000, 0x000000070b600000| Untracked 
| 117|0x000000070b700000, 0x000000070b700000, 0x000000070b800000|  0%| F|  |TAMS 0x000000070b700000, 0x000000070b700000| Untracked 
| 118|0x000000070b800000, 0x000000070b800000, 0x000000070b900000|  0%| F|  |TAMS 0x000000070b800000, 0x000000070b800000| Untracked 
| 119|0x000000070b900000, 0x000000070b900000, 0x000000070ba00000|  0%| F|  |TAMS 0x000000070b900000, 0x000000070b900000| Untracked 
| 120|0x000000070ba00000, 0x000000070ba00000, 0x000000070bb00000|  0%| F|  |TAMS 0x000000070ba00000, 0x000000070ba00000| Untracked 
| 121|0x000000070bb00000, 0x000000070bb00000, 0x000000070bc00000|  0%| F|  |TAMS 0x000000070bb00000, 0x000000070bb00000| Untracked 
| 122|0x000000070bc00000, 0x000000070bc00000, 0x000000070bd00000|  0%| F|  |TAMS 0x000000070bc00000, 0x000000070bc00000| Untracked 
| 123|0x000000070bd00000, 0x000000070bd00000, 0x000000070be00000|  0%| F|  |TAMS 0x000000070bd00000, 0x000000070bd00000| Untracked 
| 124|0x000000070be00000, 0x000000070be00000, 0x000000070bf00000|  0%| F|  |TAMS 0x000000070be00000, 0x000000070be00000| Untracked 
| 125|0x000000070bf00000, 0x000000070bf00000, 0x000000070c000000|  0%| F|  |TAMS 0x000000070bf00000, 0x000000070bf00000| Untracked 
| 126|0x000000070c000000, 0x000000070c000000, 0x000000070c100000|  0%| F|  |TAMS 0x000000070c000000, 0x000000070c000000| Untracked 
| 127|0x000000070c100000, 0x000000070c100000, 0x000000070c200000|  0%| F|  |TAMS 0x000000070c100000, 0x000000070c100000| Untracked 
| 128|0x000000070c200000, 0x000000070c200000, 0x000000070c300000|  0%| F|  |TAMS 0x000000070c200000, 0x000000070c200000| Untracked 
| 129|0x000000070c300000, 0x000000070c300000, 0x000000070c400000|  0%| F|  |TAMS 0x000000070c300000, 0x000000070c300000| Untracked 
| 130|0x000000070c400000, 0x000000070c400000, 0x000000070c500000|  0%| F|  |TAMS 0x000000070c400000, 0x000000070c400000| Untracked 
| 131|0x000000070c500000, 0x000000070c500000, 0x000000070c600000|  0%| F|  |TAMS 0x000000070c500000, 0x000000070c500000| Untracked 
| 132|0x000000070c600000, 0x000000070c600000, 0x000000070c700000|  0%| F|  |TAMS 0x000000070c600000, 0x000000070c600000| Untracked 
| 133|0x000000070c700000, 0x000000070c700000, 0x000000070c800000|  0%| F|  |TAMS 0x000000070c700000, 0x000000070c700000| Untracked 
| 134|0x000000070c800000, 0x000000070c800000, 0x000000070c900000|  0%| F|  |TAMS 0x000000070c800000, 0x000000070c800000| Untracked 
| 135|0x000000070c900000, 0x000000070c900000, 0x000000070ca00000|  0%| F|  |TAMS 0x000000070c900000, 0x000000070c900000| Untracked 
| 136|0x000000070ca00000, 0x000000070ca00000, 0x000000070cb00000|  0%| F|  |TAMS 0x000000070ca00000, 0x000000070ca00000| Untracked 
| 137|0x000000070cb00000, 0x000000070cb00000, 0x000000070cc00000|  0%| F|  |TAMS 0x000000070cb00000, 0x000000070cb00000| Untracked 
| 138|0x000000070cc00000, 0x000000070cc00000, 0x000000070cd00000|  0%| F|  |TAMS 0x000000070cc00000, 0x000000070cc00000| Untracked 
| 139|0x000000070cd00000, 0x000000070cd00000, 0x000000070ce00000|  0%| F|  |TAMS 0x000000070cd00000, 0x000000070cd00000| Untracked 
| 140|0x000000070ce00000, 0x000000070ce00000, 0x000000070cf00000|  0%| F|  |TAMS 0x000000070ce00000, 0x000000070ce00000| Untracked 
| 141|0x000000070cf00000, 0x000000070cf00000, 0x000000070d000000|  0%| F|  |TAMS 0x000000070cf00000, 0x000000070cf00000| Untracked 
| 142|0x000000070d000000, 0x000000070d000000, 0x000000070d100000|  0%| F|  |TAMS 0x000000070d000000, 0x000000070d000000| Untracked 
| 143|0x000000070d100000, 0x000000070d100000, 0x000000070d200000|  0%| F|  |TAMS 0x000000070d100000, 0x000000070d100000| Untracked 
| 144|0x000000070d200000, 0x000000070d200000, 0x000000070d300000|  0%| F|  |TAMS 0x000000070d200000, 0x000000070d200000| Untracked 
| 145|0x000000070d300000, 0x000000070d300000, 0x000000070d400000|  0%| F|  |TAMS 0x000000070d300000, 0x000000070d300000| Untracked 
| 146|0x000000070d400000, 0x000000070d400000, 0x000000070d500000|  0%| F|  |TAMS 0x000000070d400000, 0x000000070d400000| Untracked 
| 147|0x000000070d500000, 0x000000070d500000, 0x000000070d600000|  0%| F|  |TAMS 0x000000070d500000, 0x000000070d500000| Untracked 
| 148|0x000000070d600000, 0x000000070d600000, 0x000000070d700000|  0%| F|  |TAMS 0x000000070d600000, 0x000000070d600000| Untracked 
| 149|0x000000070d700000, 0x000000070d700000, 0x000000070d800000|  0%| F|  |TAMS 0x000000070d700000, 0x000000070d700000| Untracked 
| 150|0x000000070d800000, 0x000000070d800000, 0x000000070d900000|  0%| F|  |TAMS 0x000000070d800000, 0x000000070d800000| Untracked 
| 151|0x000000070d900000, 0x000000070d900000, 0x000000070da00000|  0%| F|  |TAMS 0x000000070d900000, 0x000000070d900000| Untracked 
| 152|0x000000070da00000, 0x000000070da00000, 0x000000070db00000|  0%| F|  |TAMS 0x000000070da00000, 0x000000070da00000| Untracked 
| 153|0x000000070db00000, 0x000000070db00000, 0x000000070dc00000|  0%| F|  |TAMS 0x000000070db00000, 0x000000070db00000| Untracked 
| 154|0x000000070dc00000, 0x000000070dc00000, 0x000000070dd00000|  0%| F|  |TAMS 0x000000070dc00000, 0x000000070dc00000| Untracked 
| 155|0x000000070dd00000, 0x000000070dd00000, 0x000000070de00000|  0%| F|  |TAMS 0x000000070dd00000, 0x000000070dd00000| Untracked 
| 156|0x000000070de00000, 0x000000070de00000, 0x000000070df00000|  0%| F|  |TAMS 0x000000070de00000, 0x000000070de00000| Untracked 
| 157|0x000000070df00000, 0x000000070df00000, 0x000000070e000000|  0%| F|  |TAMS 0x000000070df00000, 0x000000070df00000| Untracked 
| 158|0x000000070e000000, 0x000000070e000000, 0x000000070e100000|  0%| F|  |TAMS 0x000000070e000000, 0x000000070e000000| Untracked 
| 159|0x000000070e100000, 0x000000070e100000, 0x000000070e200000|  0%| F|  |TAMS 0x000000070e100000, 0x000000070e100000| Untracked 
| 160|0x000000070e200000, 0x000000070e200000, 0x000000070e300000|  0%| F|  |TAMS 0x000000070e200000, 0x000000070e200000| Untracked 
| 161|0x000000070e300000, 0x000000070e300000, 0x000000070e400000|  0%| F|  |TAMS 0x000000070e300000, 0x000000070e300000| Untracked 
| 162|0x000000070e400000, 0x000000070e400000, 0x000000070e500000|  0%| F|  |TAMS 0x000000070e400000, 0x000000070e400000| Untracked 
| 163|0x000000070e500000, 0x000000070e500000, 0x000000070e600000|  0%| F|  |TAMS 0x000000070e500000, 0x000000070e500000| Untracked 
| 164|0x000000070e600000, 0x000000070e600000, 0x000000070e700000|  0%| F|  |TAMS 0x000000070e600000, 0x000000070e600000| Untracked 
| 165|0x000000070e700000, 0x000000070e700000, 0x000000070e800000|  0%| F|  |TAMS 0x000000070e700000, 0x000000070e700000| Untracked 
| 166|0x000000070e800000, 0x000000070e800000, 0x000000070e900000|  0%| F|  |TAMS 0x000000070e800000, 0x000000070e800000| Untracked 
| 167|0x000000070e900000, 0x000000070e9bec20, 0x000000070ea00000| 74%| S|CS|TAMS 0x000000070e900000, 0x000000070e900000| Complete 
| 168|0x000000070ea00000, 0x000000070eb00000, 0x000000070eb00000|100%| S|CS|TAMS 0x000000070ea00000, 0x000000070ea00000| Complete 
| 169|0x000000070eb00000, 0x000000070ec00000, 0x000000070ec00000|100%| S|CS|TAMS 0x000000070eb00000, 0x000000070eb00000| Complete 
| 170|0x000000070ec00000, 0x000000070ed00000, 0x000000070ed00000|100%| S|CS|TAMS 0x000000070ec00000, 0x000000070ec00000| Complete 
| 171|0x000000070ed00000, 0x000000070ed00000, 0x000000070ee00000|  0%| F|  |TAMS 0x000000070ed00000, 0x000000070ed00000| Untracked 
| 172|0x000000070ee00000, 0x000000070ee00000, 0x000000070ef00000|  0%| F|  |TAMS 0x000000070ee00000, 0x000000070ee00000| Untracked 
| 173|0x000000070ef00000, 0x000000070ef00000, 0x000000070f000000|  0%| F|  |TAMS 0x000000070ef00000, 0x000000070ef00000| Untracked 
| 174|0x000000070f000000, 0x000000070f000000, 0x000000070f100000|  0%| F|  |TAMS 0x000000070f000000, 0x000000070f000000| Untracked 
| 175|0x000000070f100000, 0x000000070f100000, 0x000000070f200000|  0%| F|  |TAMS 0x000000070f100000, 0x000000070f100000| Untracked 
| 176|0x000000070f200000, 0x000000070f200000, 0x000000070f300000|  0%| F|  |TAMS 0x000000070f200000, 0x000000070f200000| Untracked 
| 177|0x000000070f300000, 0x000000070f300000, 0x000000070f400000|  0%| F|  |TAMS 0x000000070f300000, 0x000000070f300000| Untracked 
| 178|0x000000070f400000, 0x000000070f400000, 0x000000070f500000|  0%| F|  |TAMS 0x000000070f400000, 0x000000070f400000| Untracked 
| 179|0x000000070f500000, 0x000000070f500000, 0x000000070f600000|  0%| F|  |TAMS 0x000000070f500000, 0x000000070f500000| Untracked 
| 180|0x000000070f600000, 0x000000070f600000, 0x000000070f700000|  0%| F|  |TAMS 0x000000070f600000, 0x000000070f600000| Untracked 
| 181|0x000000070f700000, 0x000000070f700000, 0x000000070f800000|  0%| F|  |TAMS 0x000000070f700000, 0x000000070f700000| Untracked 
| 182|0x000000070f800000, 0x000000070f800000, 0x000000070f900000|  0%| F|  |TAMS 0x000000070f800000, 0x000000070f800000| Untracked 
| 183|0x000000070f900000, 0x000000070f900000, 0x000000070fa00000|  0%| F|  |TAMS 0x000000070f900000, 0x000000070f900000| Untracked 
| 184|0x000000070fa00000, 0x000000070fa00000, 0x000000070fb00000|  0%| F|  |TAMS 0x000000070fa00000, 0x000000070fa00000| Untracked 
| 185|0x000000070fb00000, 0x000000070fb00000, 0x000000070fc00000|  0%| F|  |TAMS 0x000000070fb00000, 0x000000070fb00000| Untracked 
| 186|0x000000070fc00000, 0x000000070fc00000, 0x000000070fd00000|  0%| F|  |TAMS 0x000000070fc00000, 0x000000070fc00000| Untracked 
| 187|0x000000070fd00000, 0x000000070fd00000, 0x000000070fe00000|  0%| F|  |TAMS 0x000000070fd00000, 0x000000070fd00000| Untracked 
| 188|0x000000070fe00000, 0x000000070fe00000, 0x000000070ff00000|  0%| F|  |TAMS 0x000000070fe00000, 0x000000070fe00000| Untracked 
| 189|0x000000070ff00000, 0x000000070ff00000, 0x0000000710000000|  0%| F|  |TAMS 0x000000070ff00000, 0x000000070ff00000| Untracked 
| 190|0x0000000710000000, 0x0000000710000000, 0x0000000710100000|  0%| F|  |TAMS 0x0000000710000000, 0x0000000710000000| Untracked 
| 191|0x0000000710100000, 0x0000000710100000, 0x0000000710200000|  0%| F|  |TAMS 0x0000000710100000, 0x0000000710100000| Untracked 
| 192|0x0000000710200000, 0x0000000710200000, 0x0000000710300000|  0%| F|  |TAMS 0x0000000710200000, 0x0000000710200000| Untracked 
| 193|0x0000000710300000, 0x0000000710300000, 0x0000000710400000|  0%| F|  |TAMS 0x0000000710300000, 0x0000000710300000| Untracked 
| 194|0x0000000710400000, 0x0000000710400000, 0x0000000710500000|  0%| F|  |TAMS 0x0000000710400000, 0x0000000710400000| Untracked 
| 195|0x0000000710500000, 0x0000000710500000, 0x0000000710600000|  0%| F|  |TAMS 0x0000000710500000, 0x0000000710500000| Untracked 
| 196|0x0000000710600000, 0x0000000710600000, 0x0000000710700000|  0%| F|  |TAMS 0x0000000710600000, 0x0000000710600000| Untracked 
| 197|0x0000000710700000, 0x0000000710700000, 0x0000000710800000|  0%| F|  |TAMS 0x0000000710700000, 0x0000000710700000| Untracked 
| 198|0x0000000710800000, 0x0000000710800000, 0x0000000710900000|  0%| F|  |TAMS 0x0000000710800000, 0x0000000710800000| Untracked 
| 199|0x0000000710900000, 0x0000000710900000, 0x0000000710a00000|  0%| F|  |TAMS 0x0000000710900000, 0x0000000710900000| Untracked 
| 200|0x0000000710a00000, 0x0000000710a00000, 0x0000000710b00000|  0%| F|  |TAMS 0x0000000710a00000, 0x0000000710a00000| Untracked 
| 201|0x0000000710b00000, 0x0000000710b00000, 0x0000000710c00000|  0%| F|  |TAMS 0x0000000710b00000, 0x0000000710b00000| Untracked 
| 202|0x0000000710c00000, 0x0000000710c00000, 0x0000000710d00000|  0%| F|  |TAMS 0x0000000710c00000, 0x0000000710c00000| Untracked 
| 203|0x0000000710d00000, 0x0000000710d00000, 0x0000000710e00000|  0%| F|  |TAMS 0x0000000710d00000, 0x0000000710d00000| Untracked 
| 204|0x0000000710e00000, 0x0000000710e00000, 0x0000000710f00000|  0%| F|  |TAMS 0x0000000710e00000, 0x0000000710e00000| Untracked 
| 205|0x0000000710f00000, 0x0000000710f00000, 0x0000000711000000|  0%| F|  |TAMS 0x0000000710f00000, 0x0000000710f00000| Untracked 
| 206|0x0000000711000000, 0x0000000711000000, 0x0000000711100000|  0%| F|  |TAMS 0x0000000711000000, 0x0000000711000000| Untracked 
| 207|0x0000000711100000, 0x0000000711100000, 0x0000000711200000|  0%| F|  |TAMS 0x0000000711100000, 0x0000000711100000| Untracked 
| 208|0x0000000711200000, 0x0000000711200000, 0x0000000711300000|  0%| F|  |TAMS 0x0000000711200000, 0x0000000711200000| Untracked 
| 209|0x0000000711300000, 0x0000000711300000, 0x0000000711400000|  0%| F|  |TAMS 0x0000000711300000, 0x0000000711300000| Untracked 
| 210|0x0000000711400000, 0x0000000711400000, 0x0000000711500000|  0%| F|  |TAMS 0x0000000711400000, 0x0000000711400000| Untracked 
| 211|0x0000000711500000, 0x0000000711500000, 0x0000000711600000|  0%| F|  |TAMS 0x0000000711500000, 0x0000000711500000| Untracked 
| 212|0x0000000711600000, 0x0000000711600000, 0x0000000711700000|  0%| F|  |TAMS 0x0000000711600000, 0x0000000711600000| Untracked 
| 213|0x0000000711700000, 0x0000000711700000, 0x0000000711800000|  0%| F|  |TAMS 0x0000000711700000, 0x0000000711700000| Untracked 
| 214|0x0000000711800000, 0x0000000711800000, 0x0000000711900000|  0%| F|  |TAMS 0x0000000711800000, 0x0000000711800000| Untracked 
| 215|0x0000000711900000, 0x0000000711900000, 0x0000000711a00000|  0%| F|  |TAMS 0x0000000711900000, 0x0000000711900000| Untracked 
| 216|0x0000000711a00000, 0x0000000711a00000, 0x0000000711b00000|  0%| F|  |TAMS 0x0000000711a00000, 0x0000000711a00000| Untracked 
| 217|0x0000000711b00000, 0x0000000711b00000, 0x0000000711c00000|  0%| F|  |TAMS 0x0000000711b00000, 0x0000000711b00000| Untracked 
| 218|0x0000000711c00000, 0x0000000711c00000, 0x0000000711d00000|  0%| F|  |TAMS 0x0000000711c00000, 0x0000000711c00000| Untracked 
| 219|0x0000000711d00000, 0x0000000711d00000, 0x0000000711e00000|  0%| F|  |TAMS 0x0000000711d00000, 0x0000000711d00000| Untracked 
| 220|0x0000000711e00000, 0x0000000711e00000, 0x0000000711f00000|  0%| F|  |TAMS 0x0000000711e00000, 0x0000000711e00000| Untracked 
| 221|0x0000000711f00000, 0x0000000711f00000, 0x0000000712000000|  0%| F|  |TAMS 0x0000000711f00000, 0x0000000711f00000| Untracked 
| 222|0x0000000712000000, 0x0000000712000000, 0x0000000712100000|  0%| F|  |TAMS 0x0000000712000000, 0x0000000712000000| Untracked 
| 223|0x0000000712100000, 0x0000000712100000, 0x0000000712200000|  0%| F|  |TAMS 0x0000000712100000, 0x0000000712100000| Untracked 
| 224|0x0000000712200000, 0x0000000712200000, 0x0000000712300000|  0%| F|  |TAMS 0x0000000712200000, 0x0000000712200000| Untracked 
| 225|0x0000000712300000, 0x0000000712300000, 0x0000000712400000|  0%| F|  |TAMS 0x0000000712300000, 0x0000000712300000| Untracked 
| 226|0x0000000712400000, 0x0000000712400000, 0x0000000712500000|  0%| F|  |TAMS 0x0000000712400000, 0x0000000712400000| Untracked 
| 227|0x0000000712500000, 0x0000000712500000, 0x0000000712600000|  0%| F|  |TAMS 0x0000000712500000, 0x0000000712500000| Untracked 
| 228|0x0000000712600000, 0x0000000712600000, 0x0000000712700000|  0%| F|  |TAMS 0x0000000712600000, 0x0000000712600000| Untracked 
| 229|0x0000000712700000, 0x0000000712700000, 0x0000000712800000|  0%| F|  |TAMS 0x0000000712700000, 0x0000000712700000| Untracked 
| 230|0x0000000712800000, 0x0000000712800000, 0x0000000712900000|  0%| F|  |TAMS 0x0000000712800000, 0x0000000712800000| Untracked 
| 231|0x0000000712900000, 0x0000000712900000, 0x0000000712a00000|  0%| F|  |TAMS 0x0000000712900000, 0x0000000712900000| Untracked 
| 232|0x0000000712a00000, 0x0000000712a00000, 0x0000000712b00000|  0%| F|  |TAMS 0x0000000712a00000, 0x0000000712a00000| Untracked 
| 233|0x0000000712b00000, 0x0000000712b00000, 0x0000000712c00000|  0%| F|  |TAMS 0x0000000712b00000, 0x0000000712b00000| Untracked 
| 234|0x0000000712c00000, 0x0000000712c00000, 0x0000000712d00000|  0%| F|  |TAMS 0x0000000712c00000, 0x0000000712c00000| Untracked 
| 235|0x0000000712d00000, 0x0000000712d00000, 0x0000000712e00000|  0%| F|  |TAMS 0x0000000712d00000, 0x0000000712d00000| Untracked 
| 236|0x0000000712e00000, 0x0000000712e00000, 0x0000000712f00000|  0%| F|  |TAMS 0x0000000712e00000, 0x0000000712e00000| Untracked 
| 237|0x0000000712f00000, 0x0000000712f00000, 0x0000000713000000|  0%| F|  |TAMS 0x0000000712f00000, 0x0000000712f00000| Untracked 
| 238|0x0000000713000000, 0x0000000713000000, 0x0000000713100000|  0%| F|  |TAMS 0x0000000713000000, 0x0000000713000000| Untracked 
| 239|0x0000000713100000, 0x0000000713100000, 0x0000000713200000|  0%| F|  |TAMS 0x0000000713100000, 0x0000000713100000| Untracked 
| 240|0x0000000713200000, 0x0000000713200000, 0x0000000713300000|  0%| F|  |TAMS 0x0000000713200000, 0x0000000713200000| Untracked 
| 241|0x0000000713300000, 0x0000000713300000, 0x0000000713400000|  0%| F|  |TAMS 0x0000000713300000, 0x0000000713300000| Untracked 
| 242|0x0000000713400000, 0x0000000713400000, 0x0000000713500000|  0%| F|  |TAMS 0x0000000713400000, 0x0000000713400000| Untracked 
| 243|0x0000000713500000, 0x0000000713500000, 0x0000000713600000|  0%| F|  |TAMS 0x0000000713500000, 0x0000000713500000| Untracked 
| 244|0x0000000713600000, 0x0000000713600000, 0x0000000713700000|  0%| F|  |TAMS 0x0000000713600000, 0x0000000713600000| Untracked 
| 245|0x0000000713700000, 0x0000000713700000, 0x0000000713800000|  0%| F|  |TAMS 0x0000000713700000, 0x0000000713700000| Untracked 
| 246|0x0000000713800000, 0x0000000713800000, 0x0000000713900000|  0%| F|  |TAMS 0x0000000713800000, 0x0000000713800000| Untracked 
| 247|0x0000000713900000, 0x0000000713900000, 0x0000000713a00000|  0%| F|  |TAMS 0x0000000713900000, 0x0000000713900000| Untracked 
| 248|0x0000000713a00000, 0x0000000713a00000, 0x0000000713b00000|  0%| F|  |TAMS 0x0000000713a00000, 0x0000000713a00000| Untracked 
| 249|0x0000000713b00000, 0x0000000713b00000, 0x0000000713c00000|  0%| F|  |TAMS 0x0000000713b00000, 0x0000000713b00000| Untracked 
| 250|0x0000000713c00000, 0x0000000713c00000, 0x0000000713d00000|  0%| F|  |TAMS 0x0000000713c00000, 0x0000000713c00000| Untracked 
| 251|0x0000000713d00000, 0x0000000713d00000, 0x0000000713e00000|  0%| F|  |TAMS 0x0000000713d00000, 0x0000000713d00000| Untracked 
| 252|0x0000000713e00000, 0x0000000713e00000, 0x0000000713f00000|  0%| F|  |TAMS 0x0000000713e00000, 0x0000000713e00000| Untracked 
| 253|0x0000000713f00000, 0x0000000713f00000, 0x0000000714000000|  0%| F|  |TAMS 0x0000000713f00000, 0x0000000713f00000| Untracked 
| 254|0x0000000714000000, 0x0000000714000000, 0x0000000714100000|  0%| F|  |TAMS 0x0000000714000000, 0x0000000714000000| Untracked 
| 255|0x0000000714100000, 0x0000000714100000, 0x0000000714200000|  0%| F|  |TAMS 0x0000000714100000, 0x0000000714100000| Untracked 
| 256|0x0000000714200000, 0x0000000714200000, 0x0000000714300000|  0%| F|  |TAMS 0x0000000714200000, 0x0000000714200000| Untracked 
| 257|0x0000000714300000, 0x0000000714300000, 0x0000000714400000|  0%| F|  |TAMS 0x0000000714300000, 0x0000000714300000| Untracked 
| 258|0x0000000714400000, 0x0000000714400000, 0x0000000714500000|  0%| F|  |TAMS 0x0000000714400000, 0x0000000714400000| Untracked 
| 259|0x0000000714500000, 0x0000000714500000, 0x0000000714600000|  0%| F|  |TAMS 0x0000000714500000, 0x0000000714500000| Untracked 
| 260|0x0000000714600000, 0x0000000714600000, 0x0000000714700000|  0%| F|  |TAMS 0x0000000714600000, 0x0000000714600000| Untracked 
| 261|0x0000000714700000, 0x0000000714700000, 0x0000000714800000|  0%| F|  |TAMS 0x0000000714700000, 0x0000000714700000| Untracked 
| 262|0x0000000714800000, 0x0000000714800000, 0x0000000714900000|  0%| F|  |TAMS 0x0000000714800000, 0x0000000714800000| Untracked 
| 263|0x0000000714900000, 0x0000000714900000, 0x0000000714a00000|  0%| F|  |TAMS 0x0000000714900000, 0x0000000714900000| Untracked 

Card table byte_map: [0x000002ab34190000,0x000002ab34970000] _byte_map_base: 0x000002ab3096f000

Marking Bits (Prev, Next): (CMBitMap*) 0x000002ab1c0cae38, (CMBitMap*) 0x000002ab1c0cadf8
 Prev Bits: [0x000002ab39050000, 0x000002ab3cf48000)
 Next Bits: [0x000002ab35150000, 0x000002ab39048000)

Polling page: 0x000002ab1a210000

Metaspace:

Usage:
  Non-class:     30.40 MB capacity,    29.71 MB ( 98%) used,   621.88 KB (  2%) free+waste,    78.88 KB ( <1%) overhead. 
      Class:      4.02 MB capacity,     3.61 MB ( 90%) used,   381.40 KB (  9%) free+waste,    34.31 KB ( <1%) overhead. 
       Both:     34.41 MB capacity,    33.32 MB ( 97%) used,  1003.27 KB (  3%) free+waste,   113.19 KB ( <1%) overhead. 

Virtual space:
  Non-class space:       32.00 MB reserved,      30.50 MB ( 95%) committed 
      Class space:        1.00 GB reserved,       4.13 MB ( <1%) committed 
             Both:        1.03 GB reserved,      34.63 MB (  3%) committed 

Chunk freelists:
   Non-Class:  41.00 KB
       Class:  16.00 KB
        Both:  57.00 KB

MaxMetaspaceSize: 17179869184.00 GB
CompressedClassSpaceSize: 1.00 GB

CodeHeap 'non-profiled nmethods': size=120000Kb used=5003Kb max_used=5126Kb free=114996Kb
 bounds [0x000002ab2c040000, 0x000002ab2c560000, 0x000002ab33570000]
CodeHeap 'profiled nmethods': size=120000Kb used=17094Kb max_used=17970Kb free=102905Kb
 bounds [0x000002ab24b10000, 0x000002ab25ca0000, 0x000002ab2c040000]
CodeHeap 'non-nmethods': size=5760Kb used=1278Kb max_used=1329Kb free=4481Kb
 bounds [0x000002ab24570000, 0x000002ab247e0000, 0x000002ab24b10000]
 total_blobs=11467 nmethods=6875 adapters=450
 compilation: enabled
              stopped_count=0, restarted_count=0
 full_count=0

Compilation events (20 events):
Event: 39.336 Thread 0x000002ab40399000 nmethod 8090 0x000002ab25aab990 code [0x000002ab25aabb40, 0x000002ab25aabd10]
Event: 39.352 Thread 0x000002ab40393800 nmethod 8084 0x000002ab2c090710 code [0x000002ab2c0908a0, 0x000002ab2c090d08]
Event: 39.352 Thread 0x000002ab40393800 8089       4       java.io.OutputStream::flush (1 bytes)
Event: 39.353 Thread 0x000002ab40393800 nmethod 8089 0x000002ab2c2cb810 code [0x000002ab2c2cb9a0, 0x000002ab2c2cba18]
Event: 39.359 Thread 0x000002ab40399000 8091       3       java.util.StringTokenizer::nextToken (92 bytes)
Event: 39.360 Thread 0x000002ab40399000 nmethod 8091 0x000002ab25145a10 code [0x000002ab25145c00, 0x000002ab25146020]
Event: 39.421 Thread 0x000002ab40393800 8092       4       java.util.concurrent.locks.ReentrantLock$Sync::isHeldExclusively (16 bytes)
Event: 39.422 Thread 0x000002ab40393800 nmethod 8092 0x000002ab2c464310 code [0x000002ab2c4644a0, 0x000002ab2c464538]
Event: 39.426 Thread 0x000002ab40399000 8093       3       java.util.concurrent.ThreadPoolExecutor$Worker::unlock (7 bytes)
Event: 39.427 Thread 0x000002ab40399000 nmethod 8093 0x000002ab254b5a10 code [0x000002ab254b5be0, 0x000002ab254b5f70]
Event: 39.427 Thread 0x000002ab40399000 8094       3       java.util.concurrent.ThreadPoolExecutor$Worker::tryRelease (12 bytes)
Event: 39.427 Thread 0x000002ab40399000 nmethod 8094 0x000002ab255d1d10 code [0x000002ab255d1ec0, 0x000002ab255d20b8]
Event: 39.435 Thread 0x000002ab40399000 8095       3       org.apache.maven.surefire.shade.org.apache.commons.io.output.ThresholdingOutputStream::checkThreshold (33 bytes)
Event: 39.436 Thread 0x000002ab40399000 nmethod 8095 0x000002ab24fc7090 code [0x000002ab24fc7240, 0x000002ab24fc7510]
Event: 39.441 Thread 0x000002ab40399000 8096       3       java.lang.StringUTF16::indexOf (43 bytes)
Event: 39.442 Thread 0x000002ab40399000 nmethod 8096 0x000002ab24f37210 code [0x000002ab24f37400, 0x000002ab24f37960]
Event: 39.482 Thread 0x000002ab40393800 8097       4       java.nio.charset.CharsetDecoder::implFlush (4 bytes)
Event: 39.483 Thread 0x000002ab40393800 nmethod 8097 0x000002ab2c46c190 code [0x000002ab2c46c320, 0x000002ab2c46c398]
Event: 39.683 Thread 0x000002ab40393800 8098       4       org.apache.maven.plugin.surefire.report.StatelessXmlReporter::isIllegalEscape (5 bytes)
Event: 39.684 Thread 0x000002ab40393800 nmethod 8098 0x000002ab2c46be90 code [0x000002ab2c46c020, 0x000002ab2c46c098]

GC Heap History (20 events):
Event: 6.999 GC heap after
{Heap after GC invocations=13 (full 0):
 garbage-first heap   total 75776K, used 40511K [0x0000000704200000, 0x0000000800000000)
  region size 1024K, 2 young (2048K), 2 survivors (2048K)
 Metaspace       used 23623K, capacity 24292K, committed 24448K, reserved 1071104K
  class space    used 2667K, capacity 2917K, committed 2944K, reserved 1048576K
}
Event: 7.231 GC heap before
{Heap before GC invocations=13 (full 0):
 garbage-first heap   total 75776K, used 53823K [0x0000000704200000, 0x0000000800000000)
  region size 1024K, 15 young (15360K), 2 survivors (2048K)
 Metaspace       used 24101K, capacity 24816K, committed 25088K, reserved 1071104K
  class space    used 2730K, capacity 2981K, committed 3072K, reserved 1048576K
}
Event: 7.235 GC heap after
{Heap after GC invocations=14 (full 0):
 garbage-first heap   total 75776K, used 41793K [0x0000000704200000, 0x0000000800000000)
  region size 1024K, 2 young (2048K), 2 survivors (2048K)
 Metaspace       used 24101K, capacity 24816K, committed 25088K, reserved 1071104K
  class space    used 2730K, capacity 2981K, committed 3072K, reserved 1048576K
}
Event: 7.753 GC heap before
{Heap before GC invocations=15 (full 0):
 garbage-first heap   total 75776K, used 55105K [0x0000000704200000, 0x0000000800000000)
  region size 1024K, 15 young (15360K), 2 survivors (2048K)
 Metaspace       used 25061K, capacity 25733K, committed 25984K, reserved 1073152K
  class space    used 2837K, capacity 3090K, committed 3200K, reserved 1048576K
}
Event: 7.762 GC heap after
{Heap after GC invocations=16 (full 0):
 garbage-first heap   total 91136K, used 41306K [0x0000000704200000, 0x0000000800000000)
  region size 1024K, 1 young (1024K), 1 survivors (1024K)
 Metaspace       used 25061K, capacity 25733K, committed 25984K, reserved 1073152K
  class space    used 2837K, capacity 3090K, committed 3200K, reserved 1048576K
}
Event: 8.174 GC heap before
{Heap before GC invocations=16 (full 0):
 garbage-first heap   total 91136K, used 61786K [0x0000000704200000, 0x0000000800000000)
  region size 1024K, 21 young (21504K), 1 survivors (1024K)
 Metaspace       used 25417K, capacity 26116K, committed 26240K, reserved 1073152K
  class space    used 2862K, capacity 3135K, committed 3200K, reserved 1048576K
}
Event: 8.181 GC heap after
{Heap after GC invocations=17 (full 0):
 garbage-first heap   total 91136K, used 42435K [0x0000000704200000, 0x0000000800000000)
  region size 1024K, 3 young (3072K), 3 survivors (3072K)
 Metaspace       used 25417K, capacity 26116K, committed 26240K, reserved 1073152K
  class space    used 2862K, capacity 3135K, committed 3200K, reserved 1048576K
}
Event: 8.254 GC heap before
{Heap before GC invocations=17 (full 0):
 garbage-first heap   total 91136K, used 43459K [0x0000000704200000, 0x0000000800000000)
  region size 1024K, 6 young (6144K), 3 survivors (3072K)
 Metaspace       used 25821K, capacity 26534K, committed 26752K, reserved 1073152K
  class space    used 2888K, capacity 3169K, committed 3200K, reserved 1048576K
}
Event: 8.262 GC heap after
{Heap after GC invocations=18 (full 0):
 garbage-first heap   total 91136K, used 42607K [0x0000000704200000, 0x0000000800000000)
  region size 1024K, 2 young (2048K), 2 survivors (2048K)
 Metaspace       used 25821K, capacity 26534K, committed 26752K, reserved 1073152K
  class space    used 2888K, capacity 3169K, committed 3200K, reserved 1048576K
}
Event: 8.718 GC heap before
{Heap before GC invocations=19 (full 0):
 garbage-first heap   total 225280K, used 162415K [0x0000000704200000, 0x0000000800000000)
  region size 1024K, 23 young (23552K), 2 survivors (2048K)
 Metaspace       used 25957K, capacity 26663K, committed 26752K, reserved 1073152K
  class space    used 2891K, capacity 3169K, committed 3200K, reserved 1048576K
}
Event: 8.722 GC heap after
{Heap after GC invocations=20 (full 0):
 garbage-first heap   total 225280K, used 43634K [0x0000000704200000, 0x0000000800000000)
  region size 1024K, 3 young (3072K), 3 survivors (3072K)
 Metaspace       used 25957K, capacity 26663K, committed 26752K, reserved 1073152K
  class space    used 2891K, capacity 3169K, committed 3200K, reserved 1048576K
}
Event: 9.529 GC heap before
{Heap before GC invocations=20 (full 0):
 garbage-first heap   total 225280K, used 122482K [0x0000000704200000, 0x0000000800000000)
  region size 1024K, 78 young (79872K), 3 survivors (3072K)
 Metaspace       used 26686K, capacity 27393K, committed 27648K, reserved 1073152K
  class space    used 2940K, capacity 3245K, committed 3328K, reserved 1048576K
}
Event: 9.539 GC heap after
{Heap after GC invocations=21 (full 0):
 garbage-first heap   total 270336K, used 52641K [0x0000000704200000, 0x0000000800000000)
  region size 1024K, 10 young (10240K), 10 survivors (10240K)
 Metaspace       used 26686K, capacity 27393K, committed 27648K, reserved 1073152K
  class space    used 2940K, capacity 3245K, committed 3328K, reserved 1048576K
}
Event: 11.289 GC heap before
{Heap before GC invocations=21 (full 0):
 garbage-first heap   total 270336K, used 148897K [0x0000000704200000, 0x0000000800000000)
  region size 1024K, 105 young (107520K), 10 survivors (10240K)
 Metaspace       used 27895K, capacity 28739K, committed 29056K, reserved 1075200K
  class space    used 3059K, capacity 3353K, committed 3456K, reserved 1048576K
}
Event: 11.301 GC heap after
{Heap after GC invocations=22 (full 0):
 garbage-first heap   total 270336K, used 66115K [0x0000000704200000, 0x0000000800000000)
  region size 1024K, 14 young (14336K), 14 survivors (14336K)
 Metaspace       used 27895K, capacity 28739K, committed 29056K, reserved 1075200K
  class space    used 3059K, capacity 3353K, committed 3456K, reserved 1048576K
}
Event: 12.673 GC heap before
{Heap before GC invocations=22 (full 0):
 garbage-first heap   total 270336K, used 163395K [0x0000000704200000, 0x0000000800000000)
  region size 1024K, 109 young (111616K), 14 survivors (14336K)
 Metaspace       used 30230K, capacity 31165K, committed 31360K, reserved 1077248K
  class space    used 3304K, capacity 3678K, committed 3712K, reserved 1048576K
}
Event: 12.687 GC heap after
{Heap after GC invocations=23 (full 0):
 garbage-first heap   total 270336K, used 63099K [0x0000000704200000, 0x0000000800000000)
  region size 1024K, 3 young (3072K), 3 survivors (3072K)
 Metaspace       used 30230K, capacity 31165K, committed 31360K, reserved 1077248K
  class space    used 3304K, capacity 3678K, committed 3712K, reserved 1048576K
}
Event: 13.913 GC heap before
{Heap before GC invocations=23 (full 0):
 garbage-first heap   total 270336K, used 168571K [0x0000000704200000, 0x0000000800000000)
  region size 1024K, 105 young (107520K), 3 survivors (3072K)
 Metaspace       used 30363K, capacity 31333K, committed 31360K, reserved 1077248K
  class space    used 3312K, capacity 3687K, committed 3712K, reserved 1048576K
}
Event: 13.923 GC heap after
{Heap after GC invocations=24 (full 0):
 garbage-first heap   total 270336K, used 86453K [0x0000000704200000, 0x0000000800000000)
  region size 1024K, 14 young (14336K), 14 survivors (14336K)
 Metaspace       used 30363K, capacity 31333K, committed 31360K, reserved 1077248K
  class space    used 3312K, capacity 3687K, committed 3712K, reserved 1048576K
}
Event: 39.687 GC heap before
{Heap before GC invocations=24 (full 0):
 garbage-first heap   total 270336K, used 180661K [0x0000000704200000, 0x0000000800000000)
  region size 1024K, 107 young (109568K), 14 survivors (14336K)
 Metaspace       used 34122K, capacity 35239K, committed 35456K, reserved 1081344K
  class space    used 3696K, capacity 4112K, committed 4224K, reserved 1048576K
}

Deoptimization events (20 events):
Event: 39.136 Thread 0x000002ab41c7d000 DEOPT PACKING pc=0x000002ab24ef013c sp=0x000000e36a2fed20
Event: 39.136 Thread 0x000002ab41c7d000 DEOPT UNPACKING pc=0x000002ab245b845e sp=0x000000e36a2fe2a0 mode 0
Event: 39.198 Thread 0x000002ab41c7d000 DEOPT PACKING pc=0x000002ab24ef013c sp=0x000000e36a2fecf0
Event: 39.198 Thread 0x000002ab41c7d000 DEOPT UNPACKING pc=0x000002ab245b845e sp=0x000000e36a2fe270 mode 0
Event: 39.235 Thread 0x000002ab41c7d000 DEOPT PACKING pc=0x000002ab253f8c61 sp=0x000000e36a2fef30
Event: 39.235 Thread 0x000002ab41c7d000 DEOPT UNPACKING pc=0x000002ab245b845e sp=0x000000e36a2fe4e8 mode 0
Event: 39.284 Thread 0x000002ab41c7d000 DEOPT PACKING pc=0x000002ab24b2c213 sp=0x000000e36a2fec30
Event: 39.284 Thread 0x000002ab41c7d000 DEOPT UNPACKING pc=0x000002ab245b845e sp=0x000000e36a2fe108 mode 0
Event: 39.289 Thread 0x000002ab41c7d000 DEOPT PACKING pc=0x000002ab253f8c61 sp=0x000000e36a2fef30
Event: 39.289 Thread 0x000002ab41c7d000 DEOPT UNPACKING pc=0x000002ab245b845e sp=0x000000e36a2fe4e8 mode 0
Event: 39.324 Thread 0x000002ab41c7d000 DEOPT PACKING pc=0x000002ab253f8c61 sp=0x000000e36a2fef30
Event: 39.324 Thread 0x000002ab41c7d000 DEOPT UNPACKING pc=0x000002ab245b845e sp=0x000000e36a2fe4e8 mode 0
Event: 39.682 Thread 0x000002ab41c7d000 Uncommon trap: trap_request=0xffffffde fr.pc=0x000002ab2c372414 relative=0x00000000000003d4
Event: 39.682 Thread 0x000002ab41c7d000 Uncommon trap: reason=class_check action=maybe_recompile pc=0x000002ab2c372414 method=java.util.Collections$UnmodifiableMap.entrySet()Ljava/util/Set; @ 16 c2
Event: 39.683 Thread 0x000002ab41c7d000 DEOPT PACKING pc=0x000002ab2c372414 sp=0x000000e36a2fef50
Event: 39.683 Thread 0x000002ab41c7d000 DEOPT UNPACKING pc=0x000002ab2457852f sp=0x000000e36a2fef08 mode 2
Event: 39.683 Thread 0x000002ab41c7d000 Uncommon trap: trap_request=0xffffffc6 fr.pc=0x000002ab2c522384 relative=0x0000000000000624
Event: 39.683 Thread 0x000002ab41c7d000 Uncommon trap: reason=bimorphic_or_optimized_type_check action=maybe_recompile pc=0x000002ab2c522384 method=java.util.Collections$UnmodifiableMap$UnmodifiableEntrySet$1.<init>(Ljava/util/Collections$UnmodifiableMap$UnmodifiableEntrySet;)V @ 17 c2
Event: 39.683 Thread 0x000002ab41c7d000 DEOPT PACKING pc=0x000002ab2c522384 sp=0x000000e36a2fef40
Event: 39.683 Thread 0x000002ab41c7d000 DEOPT UNPACKING pc=0x000002ab2457852f sp=0x000000e36a2feea8 mode 2

Classes unloaded (0 events):
No events

Classes redefined (0 events):
No events

Internal exceptions (20 events):
Event: 15.662 Thread 0x000002ab1c05e800 Exception <a 'sun/nio/fs/WindowsException'{0x0000000711c1a540}> (0x0000000711c1a540) 
thrown [t:/workspace/open/src/hotspot/share/prims/jni.cpp, line 598]
Event: 15.663 Thread 0x000002ab1c05e800 Exception <a 'sun/nio/fs/WindowsException'{0x0000000711c1bf58}> (0x0000000711c1bf58) 
thrown [t:/workspace/open/src/hotspot/share/prims/jni.cpp, line 598]
Event: 15.663 Thread 0x000002ab1c05e800 Exception <a 'sun/nio/fs/WindowsException'{0x0000000711c1c2e8}> (0x0000000711c1c2e8) 
thrown [t:/workspace/open/src/hotspot/share/prims/jni.cpp, line 598]
Event: 15.663 Thread 0x000002ab1c05e800 Exception <a 'sun/nio/fs/WindowsException'{0x0000000711c21388}> (0x0000000711c21388) 
thrown [t:/workspace/open/src/hotspot/share/prims/jni.cpp, line 598]
Event: 15.663 Thread 0x000002ab1c05e800 Exception <a 'sun/nio/fs/WindowsException'{0x0000000711c216d8}> (0x0000000711c216d8) 
thrown [t:/workspace/open/src/hotspot/share/prims/jni.cpp, line 598]
Event: 15.663 Thread 0x000002ab1c05e800 Exception <a 'sun/nio/fs/WindowsException'{0x0000000711c2bb40}> (0x0000000711c2bb40) 
thrown [t:/workspace/open/src/hotspot/share/prims/jni.cpp, line 598]
Event: 15.663 Thread 0x000002ab1c05e800 Exception <a 'sun/nio/fs/WindowsException'{0x0000000711c2bed0}> (0x0000000711c2bed0) 
thrown [t:/workspace/open/src/hotspot/share/prims/jni.cpp, line 598]
Event: 15.663 Thread 0x000002ab1c05e800 Exception <a 'sun/nio/fs/WindowsException'{0x0000000711c2d9a8}> (0x0000000711c2d9a8) 
thrown [t:/workspace/open/src/hotspot/share/prims/jni.cpp, line 598]
Event: 15.664 Thread 0x000002ab1c05e800 Exception <a 'sun/nio/fs/WindowsException'{0x0000000711c2ddf8}> (0x0000000711c2ddf8) 
thrown [t:/workspace/open/src/hotspot/share/prims/jni.cpp, line 598]
Event: 15.679 Thread 0x000002ab1c05e800 Exception <a 'sun/nio/fs/WindowsException'{0x0000000711ca1af8}> (0x0000000711ca1af8) 
thrown [t:/workspace/open/src/hotspot/share/prims/jni.cpp, line 598]
Event: 15.679 Thread 0x000002ab1c05e800 Exception <a 'sun/nio/fs/WindowsException'{0x0000000711ca21e0}> (0x0000000711ca21e0) 
thrown [t:/workspace/open/src/hotspot/share/prims/jni.cpp, line 598]
Event: 15.679 Thread 0x000002ab1c05e800 Exception <a 'sun/nio/fs/WindowsException'{0x0000000711ca2b78}> (0x0000000711ca2b78) 
thrown [t:/workspace/open/src/hotspot/share/prims/jni.cpp, line 598]
Event: 15.679 Thread 0x000002ab1c05e800 Exception <a 'sun/nio/fs/WindowsException'{0x0000000711ca32f8}> (0x0000000711ca32f8) 
thrown [t:/workspace/open/src/hotspot/share/prims/jni.cpp, line 598]
Event: 15.683 Thread 0x000002ab1c05e800 Exception <a 'sun/nio/fs/WindowsException'{0x0000000711cbea58}> (0x0000000711cbea58) 
thrown [t:/workspace/open/src/hotspot/share/prims/jni.cpp, line 598]
Event: 15.683 Thread 0x000002ab1c05e800 Exception <a 'sun/nio/fs/WindowsException'{0x0000000711cbf140}> (0x0000000711cbf140) 
thrown [t:/workspace/open/src/hotspot/share/prims/jni.cpp, line 598]
Event: 15.683 Thread 0x000002ab1c05e800 Exception <a 'sun/nio/fs/WindowsException'{0x0000000711cbfad8}> (0x0000000711cbfad8) 
thrown [t:/workspace/open/src/hotspot/share/prims/jni.cpp, line 598]
Event: 15.925 Thread 0x000002ab41252800 Exception <a 'java/lang/NoSuchMethodError'{0x00000007110c7de8}: 'java.lang.Object java.lang.invoke.DirectMethodHandle$Holder.invokeStaticInit(java.lang.Object, java.lang.Object, long, java.lang.Object)'> (0x00000007110c7de8) 
thrown [t:/workspace/open/src/hotspot/share/interpreter/linkResolver.cpp, line 767]
Event: 15.925 Thread 0x000002ab1c05e800 Exception <a 'java/lang/NoSuchMethodError'{0x0000000710e749e0}: 'java.lang.String org.apache.maven.execution.MavenExecutionRequest.getFailureBehavior()'> (0x0000000710e749e0) 
thrown [t:/workspace/open/src/hotspot/share/interpreter/linkResolver.cpp, line 862]
Event: 15.926 Thread 0x000002ab41252800 Exception <a 'java/lang/NoSuchMethodError'{0x00000007110cd840}: 'java.lang.Object java.lang.invoke.Invokers$Holder.linkToTargetMethod(java.lang.Object, long, java.lang.Object)'> (0x00000007110cd840) 
thrown [t:/workspace/open/src/hotspot/share/interpreter/linkResolver.cpp, line 767]
Event: 16.223 Thread 0x000002ab1c05e800 Exception <a 'java/lang/NoSuchMethodError'{0x000000070f7613f0}: 'void java.lang.invoke.DirectMethodHandle$Holder.invokeStatic(java.lang.Object, long)'> (0x000000070f7613f0) 
thrown [t:/workspace/open/src/hotspot/share/interpreter/linkResolver.cpp, line 767]

Events (20 events):
Event: 34.201 loading class org/apache/maven/plugin/surefire/log/api/Level done
Event: 34.202 Executing VM operation: RevokeBias
Event: 34.202 Executing VM operation: RevokeBias done
Event: 34.202 Executing VM operation: RevokeBias
Event: 34.202 Executing VM operation: RevokeBias done
Event: 34.203 loading class org/apache/maven/plugin/surefire/report/ConsoleReporter$1
Event: 34.203 loading class org/apache/maven/plugin/surefire/report/ConsoleReporter$1 done
Event: 34.203 loading class org/apache/maven/plugin/surefire/report/ConsoleReporter$1
Event: 34.203 loading class org/apache/maven/plugin/surefire/report/ConsoleReporter$1 done
Event: 34.203 loading class org/apache/maven/plugin/surefire/report/ConsoleReporter$1
Event: 34.203 loading class org/apache/maven/plugin/surefire/report/ConsoleReporter$1 done
Event: 34.205 loading class org/apache/maven/plugin/surefire/report/TestMethodStats
Event: 34.205 loading class org/apache/maven/plugin/surefire/report/TestMethodStats done
Event: 34.205 loading class org/apache/maven/plugin/surefire/report/TestMethodStats
Event: 34.205 loading class org/apache/maven/plugin/surefire/report/TestMethodStats done
Event: 34.205 loading class org/apache/maven/plugin/surefire/report/TestMethodStats
Event: 34.205 loading class org/apache/maven/plugin/surefire/report/TestMethodStats done
Event: 34.323 Thread 0x000002ab40822800 Thread exited: 0x000002ab40822800
Event: 34.323 Thread 0x000002ab44c55800 Thread exited: 0x000002ab44c55800
Event: 39.687 Executing VM operation: G1CollectForAllocation


Dynamic libraries:
0x00007ff610920000 - 0x00007ff61092d000 	C:\Program Files\java\jdk-13.0.2\bin\javaw.exe
0x00007ffdfbdf0000 - 0x00007ffdfbfe5000 	C:\WINDOWS\SYSTEM32\ntdll.dll
0x00007ffdfb6e0000 - 0x00007ffdfb79e000 	C:\WINDOWS\System32\KERNEL32.DLL
0x00007ffdf9510000 - 0x00007ffdf97d8000 	C:\WINDOWS\System32\KERNELBASE.dll
0x00007ffdf9c10000 - 0x00007ffdf9d10000 	C:\WINDOWS\System32\ucrtbase.dll
0x00007ffddb7d0000 - 0x00007ffddb7e8000 	C:\Program Files\java\jdk-13.0.2\bin\jli.dll
0x00007ffdfba50000 - 0x00007ffdfbbf0000 	C:\WINDOWS\System32\USER32.dll
0x00007ffdf0a80000 - 0x00007ffdf0a95000 	C:\Program Files\java\jdk-13.0.2\bin\VCRUNTIME140.dll
0x00007ffdf9e20000 - 0x00007ffdf9e42000 	C:\WINDOWS\System32\win32u.dll
0x00007ffdfaa80000 - 0x00007ffdfaaab000 	C:\WINDOWS\System32\GDI32.dll
0x00007ffdf9d10000 - 0x00007ffdf9e1b000 	C:\WINDOWS\System32\gdi32full.dll
0x00007ffde00e0000 - 0x00007ffde037a000 	C:\WINDOWS\WinSxS\amd64_microsoft.windows.common-controls_6595b64144ccf1df_6.0.19041.1110_none_60b5254171f9507e\COMCTL32.dll
0x00007ffdf9a70000 - 0x00007ffdf9b0d000 	C:\WINDOWS\System32\msvcp_win.dll
0x00007ffdfb5d0000 - 0x00007ffdfb66e000 	C:\WINDOWS\System32\msvcrt.dll
0x00007ffdfb030000 - 0x00007ffdfb060000 	C:\WINDOWS\System32\IMM32.DLL
0x00007ffdf0910000 - 0x00007ffdf09ab000 	C:\Program Files\java\jdk-13.0.2\bin\msvcp140.dll
0x00007ffdb44c0000 - 0x00007ffdb501d000 	C:\Program Files\java\jdk-13.0.2\bin\server\jvm.dll
0x00007ffdfaf80000 - 0x00007ffdfb02e000 	C:\WINDOWS\System32\ADVAPI32.dll
0x00007ffdfa5b0000 - 0x00007ffdfa64c000 	C:\WINDOWS\System32\sechost.dll
0x00007ffdfb860000 - 0x00007ffdfb985000 	C:\WINDOWS\System32\RPCRT4.dll
0x00007ffdfb850000 - 0x00007ffdfb858000 	C:\WINDOWS\System32\PSAPI.DLL
0x00007ffdddb90000 - 0x00007ffdddb99000 	C:\WINDOWS\SYSTEM32\WSOCK32.dll
0x00007ffdef760000 - 0x00007ffdef76a000 	C:\WINDOWS\SYSTEM32\VERSION.dll
0x00007ffdde790000 - 0x00007ffdde7b7000 	C:\WINDOWS\SYSTEM32\WINMM.dll
0x00007ffdfb670000 - 0x00007ffdfb6db000 	C:\WINDOWS\System32\WS2_32.dll
0x00007ffdf7db0000 - 0x00007ffdf7dc2000 	C:\WINDOWS\SYSTEM32\kernel.appcore.dll
0x00007ffdf1c90000 - 0x00007ffdf1ca0000 	C:\Program Files\java\jdk-13.0.2\bin\verify.dll
0x00007ffdf7300000 - 0x00007ffdf74e4000 	C:\WINDOWS\SYSTEM32\DBGHELP.DLL
0x00007ffdf6500000 - 0x00007ffdf652c000 	C:\WINDOWS\SYSTEM32\dbgcore.DLL
0x00007ffdf9850000 - 0x00007ffdf98d2000 	C:\WINDOWS\System32\bcryptPrimitives.dll
0x00007ffddb390000 - 0x00007ffddb3b6000 	C:\Program Files\java\jdk-13.0.2\bin\java.dll
0x00007ffddb370000 - 0x00007ffddb387000 	C:\Program Files\java\jdk-13.0.2\bin\zip.dll
0x00007ffdf09e0000 - 0x00007ffdf09ea000 	C:\Program Files\java\jdk-13.0.2\bin\jimage.dll
0x00007ffdf9e60000 - 0x00007ffdfa5a4000 	C:\WINDOWS\System32\SHELL32.dll
0x00007ffdf7600000 - 0x00007ffdf7d94000 	C:\WINDOWS\SYSTEM32\windows.storage.dll
0x00007ffdfa650000 - 0x00007ffdfa9a4000 	C:\WINDOWS\System32\combase.dll
0x00007ffdf8f70000 - 0x00007ffdf8f9c000 	C:\WINDOWS\SYSTEM32\Wldp.dll
0x00007ffdfaab0000 - 0x00007ffdfab5d000 	C:\WINDOWS\System32\SHCORE.dll
0x00007ffdfb550000 - 0x00007ffdfb5a5000 	C:\WINDOWS\System32\shlwapi.dll
0x00007ffdf9450000 - 0x00007ffdf946f000 	C:\WINDOWS\SYSTEM32\profapi.dll
0x00007ffdd9fd0000 - 0x00007ffdd9fe9000 	C:\Program Files\java\jdk-13.0.2\bin\net.dll
0x00007ffdf6380000 - 0x00007ffdf6489000 	C:\WINDOWS\SYSTEM32\WINHTTP.dll
0x00007ffdf8cd0000 - 0x00007ffdf8d3a000 	C:\WINDOWS\system32\mswsock.dll
0x00007ffdd9fb0000 - 0x00007ffdd9fc3000 	C:\Program Files\java\jdk-13.0.2\bin\nio.dll
0x00007ffdf8ec0000 - 0x00007ffdf8ed8000 	C:\WINDOWS\SYSTEM32\CRYPTSP.dll
0x00007ffdf85e0000 - 0x00007ffdf8614000 	C:\WINDOWS\system32\rsaenh.dll
0x00007ffdf9a40000 - 0x00007ffdf9a67000 	C:\WINDOWS\System32\bcrypt.dll
0x00007ffdf9410000 - 0x00007ffdf943e000 	C:\WINDOWS\SYSTEM32\USERENV.dll
0x00007ffdf8ee0000 - 0x00007ffdf8eec000 	C:\WINDOWS\SYSTEM32\CRYPTBASE.dll
0x00007ffdf8970000 - 0x00007ffdf89ab000 	C:\WINDOWS\SYSTEM32\IPHLPAPI.DLL
0x00007ffdf9e50000 - 0x00007ffdf9e58000 	C:\WINDOWS\System32\NSI.dll
0x00007ffdeec60000 - 0x00007ffdeec77000 	C:\WINDOWS\SYSTEM32\dhcpcsvc6.DLL
0x00007ffdef410000 - 0x00007ffdef42d000 	C:\WINDOWS\SYSTEM32\dhcpcsvc.DLL
0x00007ffdf8a10000 - 0x00007ffdf8ada000 	C:\WINDOWS\SYSTEM32\DNSAPI.dll
0x00007ffdf4140000 - 0x00007ffdf414a000 	C:\Users\KIM\AppData\Local\Temp\jansi-1.17.1-14850324487131279398.dll

dbghelp: loaded successfully - version: 4.0.5 - missing functions: none
symbol engine: initialized successfully - sym options: 0x614 - pdb path: .;C:\Program Files\java\jdk-13.0.2\bin;C:\WINDOWS\SYSTEM32;C:\WINDOWS\WinSxS\amd64_microsoft.windows.common-controls_6595b64144ccf1df_6.0.19041.1110_none_60b5254171f9507e;C:\Program Files\java\jdk-13.0.2\bin\server;C:\Users\KIM\AppData\Local\Temp

VM Arguments:
jvm_args: -Dmaven.home=EMBEDDED -Dclassworlds.conf=D:\workspace\.metadata\.plugins\org.eclipse.m2e.launching\launches\m2conf16104426486204556742.tmp -Dmaven.multiModuleProjectDirectory=C:\Users\KIM\git\SpringBootJpaShopBookRemake\jpa_shop_book_re -Djansi.force=true -Djansi.passthrough=true -Dfile.encoding=UTF-8 
java_command: org.codehaus.plexus.classworlds.launcher.Launcher -Ppom.xml -B install -Dstyle.color=always
java_class_path (initial): D:\IDE\sts-4.11.0.RELEASE\plugins\org.eclipse.m2e.maven.runtime_1.18.0.20210603-1206\jars\plexus-classworlds-2.6.0.jar
Launcher Type: SUN_STANDARD

[Global flags]
     intx CICompilerCount                          = 4                                         {product} {ergonomic}
     uint ConcGCThreads                            = 2                                         {product} {ergonomic}
     uint G1ConcRefinementThreads                  = 8                                         {product} {ergonomic}
   size_t G1HeapRegionSize                         = 1048576                                   {product} {ergonomic}
    uintx GCDrainStackTargetSize                   = 64                                        {product} {ergonomic}
   size_t InitialHeapSize                          = 264241152                                 {product} {ergonomic}
   size_t MarkStackSize                            = 4194304                                   {product} {ergonomic}
   size_t MaxHeapSize                              = 4225761280                                {product} {ergonomic}
   size_t MaxNewSize                               = 2535456768                                {product} {ergonomic}
   size_t MinHeapDeltaBytes                        = 1048576                                   {product} {ergonomic}
   size_t MinHeapSize                              = 8388608                                   {product} {ergonomic}
    uintx NonNMethodCodeHeapSize                   = 5839372                                {pd product} {ergonomic}
    uintx NonProfiledCodeHeapSize                  = 122909434                              {pd product} {ergonomic}
    uintx ProfiledCodeHeapSize                     = 122909434                              {pd product} {ergonomic}
    uintx ReservedCodeCacheSize                    = 251658240                              {pd product} {ergonomic}
     bool SegmentedCodeCache                       = true                                      {product} {ergonomic}
   size_t SoftMaxHeapSize                          = 4225761280                             {manageable} {ergonomic}
     bool UseCompressedClassPointers               = true                                 {lp64_product} {ergonomic}
     bool UseCompressedOops                        = true                                 {lp64_product} {ergonomic}
     bool UseG1GC                                  = true                                      {product} {ergonomic}
     bool UseLargePagesIndividualAllocation        = false                                  {pd product} {ergonomic}

Logging:
Log output configuration:
 #0: stdout all=warning uptime,level,tags
 #1: stderr all=off uptime,level,tags

Environment Variables:
JAVA_HOME=C:\Program Files\java\jdk-13.0.2
CLASSPATH=C:\Program Files\java\jdk1.8.0_261\lib;.;C:\Program Files (x86)\QuickTime\QTSystem\QTJava.zip;
PATH=C:/Program Files/java/jdk-13.0.2/bin/server;C:/Program Files/java/jdk-13.0.2/bin;C:\app\KIM\product\18.0.0\dbhomeXE\bin;C:\app\KIM\product\21c\dbhomeXE\bin;C:\Program Files (x86)\H2\bin\bin;C:\Program Files\java\jdk1.8.0_261\bin;C:\ProgramData\Anaconda3;C:\ProgramData\Anaconda3\Library\mingw-w64\bin;C:\ProgramData\Anaconda3\Library\usr\bin;C:\ProgramData\Anaconda3\Library\bin;C:\ProgramData\Anaconda3\Scripts;C:\WINDOWS\system32;C:\WINDOWS;C:\WINDOWS\System32\Wbem;C:\WINDOWS\System32\WindowsPowerShell\v1.0\;C:\WINDOWS\System32\OpenSSH\;C:\ProgramData\Microsoft\Windows\Start Menu\Programs\Python 3.7;D:\Git\cmd;C:\Program Files\nodejs\;D:\matlab\bin;C:\Program Files (x86)\QuickTime\QTSystem\;C:\ProgramData\chocolatey\bin;C:\ProgramData\chocolatey\lib\maven\apache-maven-3.8.2\bin;%ORACLE_HOME\bin%;C:\Program Files\MySQL\MySQL Server 8.0\bin;C:\Program Files (x86)\H2\bin\bin;C:\Program Files\Amazon Corretto\jdk11.0.8_10\bin;C:\ProgramData\Anaconda3;C:\ProgramData\Anaconda3\Library\mingw-w64\bin;C:\ProgramData\Anaconda3\Library\usr\bin;C:\ProgramData\Anaconda3\Library\bin;C:\ProgramData\Anaconda3\Scripts;C:\WINDOWS\system32;C:\WINDOWS;C:\WINDOWS\System32\Wbem;C:\WINDOWS\System32\WindowsPowerShell\v1.0\;C:\WINDOWS\System32\OpenSSH\;C:\ProgramData\Microsoft\Windows\Start Menu\Programs\Python 3.7;D:\Git\cmd;C:\Program Files\nodejs\;D:\matlab\bin;C:\Program Files (x86)\QuickTime\QTSystem\;C:\Users\KIM\AppData\Local\Microsoft\WindowsApps;C:\Users\KIM\AppData\Roaming\npm;C:\Users\KIM\AppData\Local\Programs\Microsoft VS Code\bin;D:\TomcatServer\apache-tomcat-8.5.72;;D:\IDE\sts-4.11.0.RELEASE;
USERNAME=KIM
OS=Windows_NT
PROCESSOR_IDENTIFIER=Intel64 Family 6 Model 126 Stepping 5, GenuineIntel



---------------  S Y S T E M  ---------------

OS: Windows 10 , 64 bit Build 19041 (10.0.19041.1566)

CPU:total 8 (initial active 8) (4 cores per cpu, 2 threads per core) family 6 model 126 stepping 5, cmov, cx8, fxsr, mmx, sse, sse2, sse3, ssse3, sse4.1, sse4.2, popcnt, avx, avx2, aes, clmul, erms, 3dnowpref, lzcnt, ht, tsc, tscinvbit, bmi1, bmi2, adx, evex, sha, fma

Memory: 4k page, system-wide physical 16118M (3356M free)
TotalPageFile size 16118M (AvailPageFile size 33M)
current process WorkingSet (physical memory assigned to process): 408M, peak: 436M
current process commit charge ("private bytes"): 451M, peak: 504M

vm_info: OpenJDK 64-Bit Server VM (13.0.2+8) for windows-amd64 JRE (13.0.2+8), built on Dec 11 2019 09:20:05 by "mach5one" with unknown MS VC++:1916

END.
