#
# There is insufficient memory for the Java Runtime Environment to continue.
# Native memory allocation (malloc) failed to allocate 1453936 bytes for Chunk::new
# Possible reasons:
#   The system is out of physical RAM or swap space
#   The process is running with CompressedOops enabled, and the Java Heap may be blocking the growth of the native heap
# Possible solutions:
#   Reduce memory load on the system
#   Increase physical memory or swap space
#   Check if swap backing store is full
#   Decrease Java heap size (-Xmx/-Xms)
#   Decrease number of Java threads
#   Decrease Java thread stack sizes (-Xss)
#   Set larger code cache with -XX:ReservedCodeCacheSize=
#   JVM is running with Zero Based Compressed Oops mode in which the Java heap is
#     placed in the first 32GB address space. The Java Heap base address is the
#     maximum limit for the native heap growth. Please use -XX:HeapBaseMinAddress
#     to set the Java Heap base and to place the Java Heap above 32GB virtual address.
# This output file may be truncated or incomplete.
#
#  Out of Memory Error (./open/src/hotspot/share/memory/arena.cpp:197), pid=15048, tid=12096
#
# JRE version: Java(TM) SE Runtime Environment 18.9 (11.0.14+8) (build 11.0.14+8-LTS-263)
# Java VM: Java HotSpot(TM) 64-Bit Server VM 18.9 (11.0.14+8-LTS-263, mixed mode, tiered, compressed oops, g1 gc, windows-amd64)
# No core dump will be written. Minidumps are not enabled by default on client versions of Windows
#

---------------  S U M M A R Y ------------

Command Line: -Dmaven.home=EMBEDDED -Dclassworlds.conf=D:\workspace\.metadata\.plugins\org.eclipse.m2e.launching\launches\m2conf13928056198889176975.tmp -Dmaven.multiModuleProjectDirectory=C:\Users\KIM\git\SpringBootJpaShopBookRemake\jpa_shop_book_re -Djansi.force=true -Djansi.passthrough=true -Dfile.encoding=UTF-8 org.codehaus.plexus.classworlds.launcher.Launcher -Ppom.xml -B install -Dstyle.color=always

Host: Intel(R) Core(TM) i5-1035G7 CPU @ 1.20GHz, 8 cores, 15G,  Windows 10 , 64 bit Build 19041 (10.0.19041.1566)
Time: Thu Apr 14 00:29:03 2022 대한민국 표준시 elapsed time: 8.921792 seconds (0d 0h 0m 8s)

---------------  T H R E A D  ---------------

Current thread (0x000001d3a7ca8800):  JavaThread "C2 CompilerThread1" daemon [_thread_in_native, id=12096, stack(0x000000218d100000,0x000000218d200000)]


Current CompileTask:
C2:   8922 6900   !   4       lombok.core.AST::buildWithField0 (121 bytes)

Stack: [0x000000218d100000,0x000000218d200000]
Native frames: (J=compiled Java code, j=interpreted, Vv=VM code, C=native code)
V  [jvm.dll+0x6296da]
V  [jvm.dll+0x76323f]
V  [jvm.dll+0x7648e9]
V  [jvm.dll+0x764f73]
V  [jvm.dll+0x23d7c8]
V  [jvm.dll+0xb297c]
V  [jvm.dll+0xb2f3c]
V  [jvm.dll+0x340e97]
V  [jvm.dll+0x18c969]
V  [jvm.dll+0x1f8472]
V  [jvm.dll+0x1f754d]
V  [jvm.dll+0x177b21]
V  [jvm.dll+0x206e26]
V  [jvm.dll+0x204fbb]
V  [jvm.dll+0x729170]
V  [jvm.dll+0x721d44]
V  [jvm.dll+0x6285d6]
C  [ucrtbase.dll+0x21bb2]
C  [KERNEL32.DLL+0x17034]
C  [ntdll.dll+0x52651]


---------------  P R O C E S S  ---------------

Threads class SMR info:
_java_thread_list=0x000001d3ab8d4f20, length=12, elements={
0x000001d383646000, 0x000001d3a6886800, 0x000001d3a6890000, 0x000001d3a717b000,
0x000001d3a717e000, 0x000001d3a7188800, 0x000001d3a7193000, 0x000001d3a7199000,
0x000001d3a71ab000, 0x000001d3a7301800, 0x000001d3a7ca8800, 0x000001d3a80e8000
}

Java Threads: ( => current thread )
  0x000001d383646000 JavaThread "main" [_thread_in_vm, id=18264, stack(0x000000218c000000,0x000000218c100000)]
  0x000001d3a6886800 JavaThread "Reference Handler" daemon [_thread_blocked, id=19192, stack(0x000000218c700000,0x000000218c800000)]
  0x000001d3a6890000 JavaThread "Finalizer" daemon [_thread_blocked, id=6572, stack(0x000000218c800000,0x000000218c900000)]
  0x000001d3a717b000 JavaThread "Signal Dispatcher" daemon [_thread_blocked, id=20352, stack(0x000000218c900000,0x000000218ca00000)]
  0x000001d3a717e000 JavaThread "Attach Listener" daemon [_thread_blocked, id=6792, stack(0x000000218ca00000,0x000000218cb00000)]
  0x000001d3a7188800 JavaThread "Service Thread" daemon [_thread_blocked, id=15892, stack(0x000000218cb00000,0x000000218cc00000)]
  0x000001d3a7193000 JavaThread "C2 CompilerThread0" daemon [_thread_in_native, id=21752, stack(0x000000218cc00000,0x000000218cd00000)]
  0x000001d3a7199000 JavaThread "C1 CompilerThread0" daemon [_thread_in_vm, id=20560, stack(0x000000218cd00000,0x000000218ce00000)]
  0x000001d3a71ab000 JavaThread "Sweeper thread" daemon [_thread_blocked, id=10224, stack(0x000000218ce00000,0x000000218cf00000)]
  0x000001d3a7301800 JavaThread "Common-Cleaner" daemon [_thread_blocked, id=19576, stack(0x000000218d000000,0x000000218d100000)]
=>0x000001d3a7ca8800 JavaThread "C2 CompilerThread1" daemon [_thread_in_native, id=12096, stack(0x000000218d100000,0x000000218d200000)]
  0x000001d3a80e8000 JavaThread "C2 CompilerThread2" daemon [_thread_in_native, id=16936, stack(0x000000218d200000,0x000000218d300000)]

Other Threads:
  0x000001d3a6864000 VMThread "VM Thread" [stack: 0x000000218c600000,0x000000218c700000] [id=13504]
  0x000001d3a7301000 WatcherThread [stack: 0x000000218cf00000,0x000000218d000000] [id=15976]
  0x000001d38365d000 GCTaskThread "GC Thread#0" [stack: 0x000000218c100000,0x000000218c200000] [id=11492]
  0x000001d3a8655000 GCTaskThread "GC Thread#1" [stack: 0x000000218d300000,0x000000218d400000] [id=13492]
  0x000001d3a8656000 GCTaskThread "GC Thread#2" [stack: 0x000000218d400000,0x000000218d500000] [id=18216]
  0x000001d3a8651800 GCTaskThread "GC Thread#3" [stack: 0x000000218d500000,0x000000218d600000] [id=20724]
  0x000001d3a8656800 GCTaskThread "GC Thread#4" [stack: 0x000000218d600000,0x000000218d700000] [id=8904]
  0x000001d3a8657800 GCTaskThread "GC Thread#5" [stack: 0x000000218d700000,0x000000218d800000] [id=14524]
  0x000001d3836bb000 ConcurrentGCThread "G1 Main Marker" [stack: 0x000000218c200000,0x000000218c300000] [id=17340]
  0x000001d3836c1800 ConcurrentGCThread "G1 Conc#0" [stack: 0x000000218c300000,0x000000218c400000] [id=2516]
  0x000001d3a8652800 ConcurrentGCThread "G1 Conc#1" [stack: 0x000000218d800000,0x000000218d900000] [id=15392]
  0x000001d3a674c800 ConcurrentGCThread "G1 Refine#0" [stack: 0x000000218c400000,0x000000218c500000] [id=17336]
  0x000001d3a674e800 ConcurrentGCThread "G1 Young RemSet Sampling" [stack: 0x000000218c500000,0x000000218c600000] [id=13188]

Threads with active compile tasks:
C2 CompilerThread0   8962 6896       4       lombok.javac.JavacAST::buildStatementOrExpression (104 bytes)
C2 CompilerThread1   8962 6900   !   4       lombok.core.AST::buildWithField0 (121 bytes)
C2 CompilerThread2   8962 6893   !   4       lombok.javac.JavacAST::drill (146 bytes)

VM state:not at safepoint (normal execution)

VM Mutex/Monitor currently owned by a thread: None

Heap address: 0x0000000704200000, size: 4030 MB, Compressed Oops mode: Zero based, Oop shift amount: 3
Narrow klass base: 0x0000000800000000, Narrow klass shift: 0
Compressed class space size: 1073741824 Address: 0x0000000800000000

Heap:
 garbage-first heap   total 258048K, used 94451K [0x0000000704200000, 0x0000000800000000)
  region size 1024K, 29 young (29696K), 5 survivors (5120K)
 Metaspace       used 36704K, capacity 37488K, committed 37680K, reserved 1083392K
  class space    used 3821K, capacity 4110K, committed 4224K, reserved 1048576K
Heap Regions: E=young(eden), S=young(survivor), O=old, HS=humongous(starts), HC=humongous(continues), CS=collection set, F=free, A=archive, TAMS=top-at-mark-start (previous, next)
|   0|0x0000000704200000, 0x0000000704300000, 0x0000000704300000|100%| O|  |TAMS 0x0000000704300000, 0x0000000704200000| Untracked 
|   1|0x0000000704300000, 0x0000000704400000, 0x0000000704400000|100%|HS|  |TAMS 0x0000000704400000, 0x0000000704300000| Complete 
|   2|0x0000000704400000, 0x0000000704500000, 0x0000000704500000|100%| O|  |TAMS 0x0000000704400000, 0x0000000704400000| Untracked 
|   3|0x0000000704500000, 0x0000000704600000, 0x0000000704600000|100%|HS|  |TAMS 0x0000000704600000, 0x0000000704500000| Complete 
|   4|0x0000000704600000, 0x0000000704700000, 0x0000000704700000|100%| O|  |TAMS 0x0000000704700000, 0x0000000704600000| Untracked 
|   5|0x0000000704700000, 0x0000000704800000, 0x0000000704800000|100%| O|  |TAMS 0x0000000704800000, 0x0000000704700000| Untracked 
|   6|0x0000000704800000, 0x0000000704900000, 0x0000000704900000|100%| O|  |TAMS 0x0000000704900000, 0x0000000704800000| Untracked 
|   7|0x0000000704900000, 0x0000000704a00000, 0x0000000704a00000|100%| O|  |TAMS 0x0000000704a00000, 0x0000000704900000| Untracked 
|   8|0x0000000704a00000, 0x0000000704b00000, 0x0000000704b00000|100%| O|  |TAMS 0x0000000704b00000, 0x0000000704a00000| Untracked 
|   9|0x0000000704b00000, 0x0000000704c00000, 0x0000000704c00000|100%| O|  |TAMS 0x0000000704c00000, 0x0000000704b00000| Untracked 
|  10|0x0000000704c00000, 0x0000000704d00000, 0x0000000704d00000|100%| O|  |TAMS 0x0000000704d00000, 0x0000000704c00000| Untracked 
|  11|0x0000000704d00000, 0x0000000704e00000, 0x0000000704e00000|100%| O|  |TAMS 0x0000000704e00000, 0x0000000704d00000| Untracked 
|  12|0x0000000704e00000, 0x0000000704f00000, 0x0000000704f00000|100%| O|  |TAMS 0x0000000704f00000, 0x0000000704e00000| Untracked 
|  13|0x0000000704f00000, 0x0000000705000000, 0x0000000705000000|100%| O|  |TAMS 0x0000000705000000, 0x0000000704f00000| Untracked 
|  14|0x0000000705000000, 0x0000000705100000, 0x0000000705100000|100%| O|  |TAMS 0x0000000705100000, 0x0000000705000000| Untracked 
|  15|0x0000000705100000, 0x0000000705200000, 0x0000000705200000|100%| O|  |TAMS 0x0000000705200000, 0x0000000705100000| Untracked 
|  16|0x0000000705200000, 0x0000000705300000, 0x0000000705300000|100%| O|  |TAMS 0x0000000705300000, 0x0000000705200000| Untracked 
|  17|0x0000000705300000, 0x0000000705400000, 0x0000000705400000|100%| O|  |TAMS 0x0000000705400000, 0x0000000705300000| Untracked 
|  18|0x0000000705400000, 0x0000000705500000, 0x0000000705500000|100%| O|  |TAMS 0x0000000705500000, 0x0000000705400000| Untracked 
|  19|0x0000000705500000, 0x0000000705600000, 0x0000000705600000|100%| O|  |TAMS 0x0000000705600000, 0x0000000705500000| Untracked 
|  20|0x0000000705600000, 0x0000000705700000, 0x0000000705700000|100%| O|  |TAMS 0x0000000705700000, 0x0000000705600000| Untracked 
|  21|0x0000000705700000, 0x0000000705800000, 0x0000000705800000|100%| O|  |TAMS 0x0000000705800000, 0x0000000705700000| Untracked 
|  22|0x0000000705800000, 0x0000000705900000, 0x0000000705900000|100%| O|  |TAMS 0x0000000705900000, 0x0000000705800000| Untracked 
|  23|0x0000000705900000, 0x0000000705a00000, 0x0000000705a00000|100%| O|  |TAMS 0x0000000705a00000, 0x0000000705900000| Untracked 
|  24|0x0000000705a00000, 0x0000000705b00000, 0x0000000705b00000|100%| O|  |TAMS 0x0000000705b00000, 0x0000000705a00000| Untracked 
|  25|0x0000000705b00000, 0x0000000705c00000, 0x0000000705c00000|100%| O|  |TAMS 0x0000000705c00000, 0x0000000705b00000| Untracked 
|  26|0x0000000705c00000, 0x0000000705d00000, 0x0000000705d00000|100%| O|  |TAMS 0x0000000705d00000, 0x0000000705c00000| Untracked 
|  27|0x0000000705d00000, 0x0000000705e00000, 0x0000000705e00000|100%| O|  |TAMS 0x0000000705e00000, 0x0000000705d00000| Untracked 
|  28|0x0000000705e00000, 0x0000000705f00000, 0x0000000705f00000|100%| O|  |TAMS 0x0000000705e00000, 0x0000000705e00000| Untracked 
|  29|0x0000000705f00000, 0x0000000706000000, 0x0000000706000000|100%| O|  |TAMS 0x0000000705f00000, 0x0000000705f00000| Untracked 
|  30|0x0000000706000000, 0x0000000706100000, 0x0000000706100000|100%| O|  |TAMS 0x0000000706000000, 0x0000000706000000| Untracked 
|  31|0x0000000706100000, 0x0000000706200000, 0x0000000706200000|100%| O|  |TAMS 0x0000000706100000, 0x0000000706100000| Untracked 
|  32|0x0000000706200000, 0x0000000706300000, 0x0000000706300000|100%| O|  |TAMS 0x0000000706200000, 0x0000000706200000| Untracked 
|  33|0x0000000706300000, 0x0000000706400000, 0x0000000706400000|100%| O|  |TAMS 0x0000000706300000, 0x0000000706300000| Untracked 
|  34|0x0000000706400000, 0x0000000706500000, 0x0000000706500000|100%| O|  |TAMS 0x0000000706400000, 0x0000000706400000| Untracked 
|  35|0x0000000706500000, 0x0000000706600000, 0x0000000706600000|100%| O|  |TAMS 0x0000000706500000, 0x0000000706500000| Untracked 
|  36|0x0000000706600000, 0x0000000706700000, 0x0000000706700000|100%| O|  |TAMS 0x0000000706600000, 0x0000000706600000| Untracked 
|  37|0x0000000706700000, 0x0000000706800000, 0x0000000706800000|100%| O|  |TAMS 0x0000000706700000, 0x0000000706700000| Untracked 
|  38|0x0000000706800000, 0x000000070684ae00, 0x0000000706900000| 29%| O|  |TAMS 0x0000000706800000, 0x0000000706800000| Untracked 
|  39|0x0000000706900000, 0x0000000706900000, 0x0000000706a00000|  0%| F|  |TAMS 0x0000000706900000, 0x0000000706900000| Untracked 
|  40|0x0000000706a00000, 0x0000000706a00000, 0x0000000706b00000|  0%| F|  |TAMS 0x0000000706a00000, 0x0000000706a00000| Untracked 
|  41|0x0000000706b00000, 0x0000000706b00000, 0x0000000706c00000|  0%| F|  |TAMS 0x0000000706b00000, 0x0000000706b00000| Untracked 
|  42|0x0000000706c00000, 0x0000000706c00000, 0x0000000706d00000|  0%| F|  |TAMS 0x0000000706c00000, 0x0000000706c00000| Untracked 
|  43|0x0000000706d00000, 0x0000000706d00000, 0x0000000706e00000|  0%| F|  |TAMS 0x0000000706d00000, 0x0000000706d00000| Untracked 
|  44|0x0000000706e00000, 0x0000000706f00000, 0x0000000706f00000|100%|HS|  |TAMS 0x0000000706e00000, 0x0000000706e00000| Complete 
|  45|0x0000000706f00000, 0x0000000707000000, 0x0000000707000000|100%|HS|  |TAMS 0x0000000706f00000, 0x0000000706f00000| Complete 
|  46|0x0000000707000000, 0x0000000707100000, 0x0000000707100000|100%| O|  |TAMS 0x0000000707000000, 0x0000000707000000| Untracked 
|  47|0x0000000707100000, 0x0000000707200000, 0x0000000707200000|100%| O|  |TAMS 0x0000000707100000, 0x0000000707100000| Untracked 
|  48|0x0000000707200000, 0x0000000707300000, 0x0000000707300000|100%| O|  |TAMS 0x0000000707200000, 0x0000000707200000| Untracked 
|  49|0x0000000707300000, 0x0000000707400000, 0x0000000707400000|100%| O|  |TAMS 0x0000000707300000, 0x0000000707300000| Untracked 
|  50|0x0000000707400000, 0x0000000707500000, 0x0000000707500000|100%| O|  |TAMS 0x0000000707400000, 0x0000000707400000| Untracked 
|  51|0x0000000707500000, 0x0000000707600000, 0x0000000707600000|100%| O|  |TAMS 0x0000000707500000, 0x0000000707500000| Untracked 
|  52|0x0000000707600000, 0x0000000707700000, 0x0000000707700000|100%| O|  |TAMS 0x0000000707600000, 0x0000000707600000| Untracked 
|  53|0x0000000707700000, 0x0000000707800000, 0x0000000707800000|100%| O|  |TAMS 0x0000000707700000, 0x0000000707700000| Untracked 
|  54|0x0000000707800000, 0x0000000707900000, 0x0000000707900000|100%| O|  |TAMS 0x0000000707800000, 0x0000000707800000| Untracked 
|  55|0x0000000707900000, 0x0000000707a00000, 0x0000000707a00000|100%| O|  |TAMS 0x0000000707900000, 0x0000000707900000| Untracked 
|  56|0x0000000707a00000, 0x0000000707b00000, 0x0000000707b00000|100%| O|  |TAMS 0x0000000707a00000, 0x0000000707a00000| Untracked 
|  57|0x0000000707b00000, 0x0000000707b00000, 0x0000000707c00000|  0%| F|  |TAMS 0x0000000707b00000, 0x0000000707b00000| Untracked 
|  58|0x0000000707c00000, 0x0000000707c00000, 0x0000000707d00000|  0%| F|  |TAMS 0x0000000707c00000, 0x0000000707c00000| Untracked 
|  59|0x0000000707d00000, 0x0000000707d00000, 0x0000000707e00000|  0%| F|  |TAMS 0x0000000707d00000, 0x0000000707d00000| Untracked 
|  60|0x0000000707e00000, 0x0000000707e00000, 0x0000000707f00000|  0%| F|  |TAMS 0x0000000707e00000, 0x0000000707e00000| Untracked 
|  61|0x0000000707f00000, 0x0000000707f00000, 0x0000000708000000|  0%| F|  |TAMS 0x0000000707f00000, 0x0000000707f00000| Untracked 
|  62|0x0000000708000000, 0x0000000708000000, 0x0000000708100000|  0%| F|  |TAMS 0x0000000708000000, 0x0000000708000000| Untracked 
|  63|0x0000000708100000, 0x0000000708100000, 0x0000000708200000|  0%| F|  |TAMS 0x0000000708100000, 0x0000000708100000| Untracked 
|  64|0x0000000708200000, 0x0000000708200000, 0x0000000708300000|  0%| F|  |TAMS 0x0000000708200000, 0x0000000708200000| Untracked 
|  65|0x0000000708300000, 0x0000000708300000, 0x0000000708400000|  0%| F|  |TAMS 0x0000000708300000, 0x0000000708300000| Untracked 
|  66|0x0000000708400000, 0x0000000708400000, 0x0000000708500000|  0%| F|  |TAMS 0x0000000708400000, 0x0000000708400000| Untracked 
|  67|0x0000000708500000, 0x0000000708500000, 0x0000000708600000|  0%| F|  |TAMS 0x0000000708500000, 0x0000000708500000| Untracked 
|  68|0x0000000708600000, 0x0000000708600000, 0x0000000708700000|  0%| F|  |TAMS 0x0000000708600000, 0x0000000708600000| Untracked 
|  69|0x0000000708700000, 0x0000000708700000, 0x0000000708800000|  0%| F|  |TAMS 0x0000000708700000, 0x0000000708700000| Untracked 
|  70|0x0000000708800000, 0x0000000708800000, 0x0000000708900000|  0%| F|  |TAMS 0x0000000708800000, 0x0000000708800000| Untracked 
|  71|0x0000000708900000, 0x0000000708900000, 0x0000000708a00000|  0%| F|  |TAMS 0x0000000708900000, 0x0000000708900000| Untracked 
|  72|0x0000000708a00000, 0x0000000708a00000, 0x0000000708b00000|  0%| F|  |TAMS 0x0000000708a00000, 0x0000000708a00000| Untracked 
|  73|0x0000000708b00000, 0x0000000708b00000, 0x0000000708c00000|  0%| F|  |TAMS 0x0000000708b00000, 0x0000000708b00000| Untracked 
|  74|0x0000000708c00000, 0x0000000708c00000, 0x0000000708d00000|  0%| F|  |TAMS 0x0000000708c00000, 0x0000000708c00000| Untracked 
|  75|0x0000000708d00000, 0x0000000708d00000, 0x0000000708e00000|  0%| F|  |TAMS 0x0000000708d00000, 0x0000000708d00000| Untracked 
|  76|0x0000000708e00000, 0x0000000708e00000, 0x0000000708f00000|  0%| F|  |TAMS 0x0000000708e00000, 0x0000000708e00000| Untracked 
|  77|0x0000000708f00000, 0x0000000708f00000, 0x0000000709000000|  0%| F|  |TAMS 0x0000000708f00000, 0x0000000708f00000| Untracked 
|  78|0x0000000709000000, 0x0000000709000000, 0x0000000709100000|  0%| F|  |TAMS 0x0000000709000000, 0x0000000709000000| Untracked 
|  79|0x0000000709100000, 0x0000000709100000, 0x0000000709200000|  0%| F|  |TAMS 0x0000000709100000, 0x0000000709100000| Untracked 
|  80|0x0000000709200000, 0x0000000709200000, 0x0000000709300000|  0%| F|  |TAMS 0x0000000709200000, 0x0000000709200000| Untracked 
|  81|0x0000000709300000, 0x0000000709300000, 0x0000000709400000|  0%| F|  |TAMS 0x0000000709300000, 0x0000000709300000| Untracked 
|  82|0x0000000709400000, 0x0000000709400000, 0x0000000709500000|  0%| F|  |TAMS 0x0000000709400000, 0x0000000709400000| Untracked 
|  83|0x0000000709500000, 0x0000000709500000, 0x0000000709600000|  0%| F|  |TAMS 0x0000000709500000, 0x0000000709500000| Untracked 
|  84|0x0000000709600000, 0x0000000709600000, 0x0000000709700000|  0%| F|  |TAMS 0x0000000709600000, 0x0000000709600000| Untracked 
|  85|0x0000000709700000, 0x0000000709700000, 0x0000000709800000|  0%| F|  |TAMS 0x0000000709700000, 0x0000000709700000| Untracked 
|  86|0x0000000709800000, 0x0000000709800000, 0x0000000709900000|  0%| F|  |TAMS 0x0000000709800000, 0x0000000709800000| Untracked 
|  87|0x0000000709900000, 0x0000000709900000, 0x0000000709a00000|  0%| F|  |TAMS 0x0000000709900000, 0x0000000709900000| Untracked 
|  88|0x0000000709a00000, 0x0000000709a00000, 0x0000000709b00000|  0%| F|  |TAMS 0x0000000709a00000, 0x0000000709a00000| Untracked 
|  89|0x0000000709b00000, 0x0000000709b00000, 0x0000000709c00000|  0%| F|  |TAMS 0x0000000709b00000, 0x0000000709b00000| Untracked 
|  90|0x0000000709c00000, 0x0000000709c00000, 0x0000000709d00000|  0%| F|  |TAMS 0x0000000709c00000, 0x0000000709c00000| Untracked 
|  91|0x0000000709d00000, 0x0000000709d00000, 0x0000000709e00000|  0%| F|  |TAMS 0x0000000709d00000, 0x0000000709d00000| Untracked 
|  92|0x0000000709e00000, 0x0000000709e00000, 0x0000000709f00000|  0%| F|  |TAMS 0x0000000709e00000, 0x0000000709e00000| Untracked 
|  93|0x0000000709f00000, 0x0000000709f00000, 0x000000070a000000|  0%| F|  |TAMS 0x0000000709f00000, 0x0000000709f00000| Untracked 
|  94|0x000000070a000000, 0x000000070a000000, 0x000000070a100000|  0%| F|  |TAMS 0x000000070a000000, 0x000000070a000000| Untracked 
|  95|0x000000070a100000, 0x000000070a100000, 0x000000070a200000|  0%| F|  |TAMS 0x000000070a100000, 0x000000070a100000| Untracked 
|  96|0x000000070a200000, 0x000000070a200000, 0x000000070a300000|  0%| F|  |TAMS 0x000000070a200000, 0x000000070a200000| Untracked 
|  97|0x000000070a300000, 0x000000070a300000, 0x000000070a400000|  0%| F|  |TAMS 0x000000070a300000, 0x000000070a300000| Untracked 
|  98|0x000000070a400000, 0x000000070a400000, 0x000000070a500000|  0%| F|  |TAMS 0x000000070a400000, 0x000000070a400000| Untracked 
|  99|0x000000070a500000, 0x000000070a500000, 0x000000070a600000|  0%| F|  |TAMS 0x000000070a500000, 0x000000070a500000| Untracked 
| 100|0x000000070a600000, 0x000000070a600000, 0x000000070a700000|  0%| F|  |TAMS 0x000000070a600000, 0x000000070a600000| Untracked 
| 101|0x000000070a700000, 0x000000070a700000, 0x000000070a800000|  0%| F|  |TAMS 0x000000070a700000, 0x000000070a700000| Untracked 
| 102|0x000000070a800000, 0x000000070a800000, 0x000000070a900000|  0%| F|  |TAMS 0x000000070a800000, 0x000000070a800000| Untracked 
| 103|0x000000070a900000, 0x000000070a900000, 0x000000070aa00000|  0%| F|  |TAMS 0x000000070a900000, 0x000000070a900000| Untracked 
| 104|0x000000070aa00000, 0x000000070aa00000, 0x000000070ab00000|  0%| F|  |TAMS 0x000000070aa00000, 0x000000070aa00000| Untracked 
| 105|0x000000070ab00000, 0x000000070ab00000, 0x000000070ac00000|  0%| F|  |TAMS 0x000000070ab00000, 0x000000070ab00000| Untracked 
| 106|0x000000070ac00000, 0x000000070ac00000, 0x000000070ad00000|  0%| F|  |TAMS 0x000000070ac00000, 0x000000070ac00000| Untracked 
| 107|0x000000070ad00000, 0x000000070ad00000, 0x000000070ae00000|  0%| F|  |TAMS 0x000000070ad00000, 0x000000070ad00000| Untracked 
| 108|0x000000070ae00000, 0x000000070af00000, 0x000000070af00000|100%| O|  |TAMS 0x000000070af00000, 0x000000070ae00000| Untracked 
| 109|0x000000070af00000, 0x000000070b000000, 0x000000070b000000|100%| O|  |TAMS 0x000000070b000000, 0x000000070af00000| Untracked 
| 110|0x000000070b000000, 0x000000070b100000, 0x000000070b100000|100%| O|  |TAMS 0x000000070b100000, 0x000000070b000000| Untracked 
| 111|0x000000070b100000, 0x000000070b200000, 0x000000070b200000|100%| O|  |TAMS 0x000000070b200000, 0x000000070b100000| Untracked 
| 112|0x000000070b200000, 0x000000070b300000, 0x000000070b300000|100%| O|  |TAMS 0x000000070b300000, 0x000000070b200000| Untracked 
| 113|0x000000070b300000, 0x000000070b400000, 0x000000070b400000|100%| O|  |TAMS 0x000000070b400000, 0x000000070b300000| Untracked 
| 114|0x000000070b400000, 0x000000070b500000, 0x000000070b500000|100%| O|  |TAMS 0x000000070b500000, 0x000000070b400000| Untracked 
| 115|0x000000070b500000, 0x000000070b600000, 0x000000070b600000|100%| O|  |TAMS 0x000000070b600000, 0x000000070b500000| Untracked 
| 116|0x000000070b600000, 0x000000070b700000, 0x000000070b700000|100%| O|  |TAMS 0x000000070b700000, 0x000000070b600000| Untracked 
| 117|0x000000070b700000, 0x000000070b800000, 0x000000070b800000|100%| O|  |TAMS 0x000000070b800000, 0x000000070b700000| Untracked 
| 118|0x000000070b800000, 0x000000070b900000, 0x000000070b900000|100%| O|  |TAMS 0x000000070b900000, 0x000000070b800000| Untracked 
| 119|0x000000070b900000, 0x000000070ba00000, 0x000000070ba00000|100%| O|  |TAMS 0x000000070ba00000, 0x000000070b900000| Untracked 
| 120|0x000000070ba00000, 0x000000070bb00000, 0x000000070bb00000|100%| O|  |TAMS 0x000000070bb00000, 0x000000070ba00000| Untracked 
| 121|0x000000070bb00000, 0x000000070bb00000, 0x000000070bc00000|  0%| F|  |TAMS 0x000000070bb00000, 0x000000070bb00000| Untracked 
| 122|0x000000070bc00000, 0x000000070bc00000, 0x000000070bd00000|  0%| F|  |TAMS 0x000000070bc00000, 0x000000070bc00000| Untracked 
| 123|0x000000070bd00000, 0x000000070bd00000, 0x000000070be00000|  0%| F|  |TAMS 0x000000070bd00000, 0x000000070bd00000| Untracked 
| 124|0x000000070be00000, 0x000000070be00000, 0x000000070bf00000|  0%| F|  |TAMS 0x000000070be00000, 0x000000070be00000| Untracked 
| 125|0x000000070bf00000, 0x000000070bf00000, 0x000000070c000000|  0%| F|  |TAMS 0x000000070bf00000, 0x000000070bf00000| Untracked 
| 126|0x000000070c000000, 0x000000070c000000, 0x000000070c100000|  0%| F|  |TAMS 0x000000070c000000, 0x000000070c000000| Untracked 
| 127|0x000000070c100000, 0x000000070c100000, 0x000000070c200000|  0%| F|  |TAMS 0x000000070c100000, 0x000000070c100000| Untracked 
| 128|0x000000070c200000, 0x000000070c200000, 0x000000070c300000|  0%| F|  |TAMS 0x000000070c200000, 0x000000070c200000| Untracked 
| 129|0x000000070c300000, 0x000000070c300000, 0x000000070c400000|  0%| F|  |TAMS 0x000000070c300000, 0x000000070c300000| Untracked 
| 130|0x000000070c400000, 0x000000070c400000, 0x000000070c500000|  0%| F|  |TAMS 0x000000070c400000, 0x000000070c400000| Untracked 
| 131|0x000000070c500000, 0x000000070c500000, 0x000000070c600000|  0%| F|  |TAMS 0x000000070c500000, 0x000000070c500000| Untracked 
| 132|0x000000070c600000, 0x000000070c600000, 0x000000070c700000|  0%| F|  |TAMS 0x000000070c600000, 0x000000070c600000| Untracked 
| 133|0x000000070c700000, 0x000000070c700000, 0x000000070c800000|  0%| F|  |TAMS 0x000000070c700000, 0x000000070c700000| Untracked 
| 134|0x000000070c800000, 0x000000070c800000, 0x000000070c900000|  0%| F|  |TAMS 0x000000070c800000, 0x000000070c800000| Untracked 
| 135|0x000000070c900000, 0x000000070c900000, 0x000000070ca00000|  0%| F|  |TAMS 0x000000070c900000, 0x000000070c900000| Untracked 
| 136|0x000000070ca00000, 0x000000070ca00000, 0x000000070cb00000|  0%| F|  |TAMS 0x000000070ca00000, 0x000000070ca00000| Untracked 
| 137|0x000000070cb00000, 0x000000070cb00000, 0x000000070cc00000|  0%| F|  |TAMS 0x000000070cb00000, 0x000000070cb00000| Untracked 
| 138|0x000000070cc00000, 0x000000070cc00000, 0x000000070cd00000|  0%| F|  |TAMS 0x000000070cc00000, 0x000000070cc00000| Untracked 
| 139|0x000000070cd00000, 0x000000070cd00000, 0x000000070ce00000|  0%| F|  |TAMS 0x000000070cd00000, 0x000000070cd00000| Untracked 
| 140|0x000000070ce00000, 0x000000070ce00000, 0x000000070cf00000|  0%| F|  |TAMS 0x000000070ce00000, 0x000000070ce00000| Untracked 
| 141|0x000000070cf00000, 0x000000070cf00000, 0x000000070d000000|  0%| F|  |TAMS 0x000000070cf00000, 0x000000070cf00000| Untracked 
| 142|0x000000070d000000, 0x000000070d000000, 0x000000070d100000|  0%| F|  |TAMS 0x000000070d000000, 0x000000070d000000| Untracked 
| 143|0x000000070d100000, 0x000000070d100000, 0x000000070d200000|  0%| F|  |TAMS 0x000000070d100000, 0x000000070d100000| Untracked 
| 144|0x000000070d200000, 0x000000070d200000, 0x000000070d300000|  0%| F|  |TAMS 0x000000070d200000, 0x000000070d200000| Untracked 
| 145|0x000000070d300000, 0x000000070d300000, 0x000000070d400000|  0%| F|  |TAMS 0x000000070d300000, 0x000000070d300000| Untracked 
| 146|0x000000070d400000, 0x000000070d400000, 0x000000070d500000|  0%| F|  |TAMS 0x000000070d400000, 0x000000070d400000| Untracked 
| 147|0x000000070d500000, 0x000000070d500000, 0x000000070d600000|  0%| F|  |TAMS 0x000000070d500000, 0x000000070d500000| Untracked 
| 148|0x000000070d600000, 0x000000070d600000, 0x000000070d700000|  0%| F|  |TAMS 0x000000070d600000, 0x000000070d600000| Untracked 
| 149|0x000000070d700000, 0x000000070d700000, 0x000000070d800000|  0%| F|  |TAMS 0x000000070d700000, 0x000000070d700000| Untracked 
| 150|0x000000070d800000, 0x000000070d800000, 0x000000070d900000|  0%| F|  |TAMS 0x000000070d800000, 0x000000070d800000| Untracked 
| 151|0x000000070d900000, 0x000000070d900000, 0x000000070da00000|  0%| F|  |TAMS 0x000000070d900000, 0x000000070d900000| Untracked 
| 152|0x000000070da00000, 0x000000070daf2130, 0x000000070db00000| 94%| S|CS|TAMS 0x000000070da00000, 0x000000070da00000| Complete 
| 153|0x000000070db00000, 0x000000070dc00000, 0x000000070dc00000|100%| S|CS|TAMS 0x000000070db00000, 0x000000070db00000| Complete 
| 154|0x000000070dc00000, 0x000000070dd00000, 0x000000070dd00000|100%| S|CS|TAMS 0x000000070dc00000, 0x000000070dc00000| Complete 
| 155|0x000000070dd00000, 0x000000070de00000, 0x000000070de00000|100%| S|CS|TAMS 0x000000070dd00000, 0x000000070dd00000| Complete 
| 156|0x000000070de00000, 0x000000070df00000, 0x000000070df00000|100%| S|CS|TAMS 0x000000070de00000, 0x000000070de00000| Complete 
| 157|0x000000070df00000, 0x000000070df00000, 0x000000070e000000|  0%| F|  |TAMS 0x000000070df00000, 0x000000070df00000| Untracked 
| 158|0x000000070e000000, 0x000000070e000000, 0x000000070e100000|  0%| F|  |TAMS 0x000000070e000000, 0x000000070e000000| Untracked 
| 159|0x000000070e100000, 0x000000070e100000, 0x000000070e200000|  0%| F|  |TAMS 0x000000070e100000, 0x000000070e100000| Untracked 
| 160|0x000000070e200000, 0x000000070e200000, 0x000000070e300000|  0%| F|  |TAMS 0x000000070e200000, 0x000000070e200000| Untracked 
| 161|0x000000070e300000, 0x000000070e300000, 0x000000070e400000|  0%| F|  |TAMS 0x000000070e300000, 0x000000070e300000| Untracked 
| 162|0x000000070e400000, 0x000000070e400000, 0x000000070e500000|  0%| F|  |TAMS 0x000000070e400000, 0x000000070e400000| Untracked 
| 163|0x000000070e500000, 0x000000070e500000, 0x000000070e600000|  0%| F|  |TAMS 0x000000070e500000, 0x000000070e500000| Untracked 
| 164|0x000000070e600000, 0x000000070e600000, 0x000000070e700000|  0%| F|  |TAMS 0x000000070e600000, 0x000000070e600000| Untracked 
| 165|0x000000070e700000, 0x000000070e700000, 0x000000070e800000|  0%| F|  |TAMS 0x000000070e700000, 0x000000070e700000| Untracked 
| 166|0x000000070e800000, 0x000000070e800000, 0x000000070e900000|  0%| F|  |TAMS 0x000000070e800000, 0x000000070e800000| Untracked 
| 167|0x000000070e900000, 0x000000070e900000, 0x000000070ea00000|  0%| F|  |TAMS 0x000000070e900000, 0x000000070e900000| Untracked 
| 168|0x000000070ea00000, 0x000000070ea00000, 0x000000070eb00000|  0%| F|  |TAMS 0x000000070ea00000, 0x000000070ea00000| Untracked 
| 169|0x000000070eb00000, 0x000000070eb00000, 0x000000070ec00000|  0%| F|  |TAMS 0x000000070eb00000, 0x000000070eb00000| Untracked 
| 170|0x000000070ec00000, 0x000000070ec00000, 0x000000070ed00000|  0%| F|  |TAMS 0x000000070ec00000, 0x000000070ec00000| Untracked 
| 171|0x000000070ed00000, 0x000000070ed00000, 0x000000070ee00000|  0%| F|  |TAMS 0x000000070ed00000, 0x000000070ed00000| Untracked 
| 172|0x000000070ee00000, 0x000000070ee00000, 0x000000070ef00000|  0%| F|  |TAMS 0x000000070ee00000, 0x000000070ee00000| Untracked 
| 173|0x000000070ef00000, 0x000000070ef00000, 0x000000070f000000|  0%| F|  |TAMS 0x000000070ef00000, 0x000000070ef00000| Untracked 
| 174|0x000000070f000000, 0x000000070f000000, 0x000000070f100000|  0%| F|  |TAMS 0x000000070f000000, 0x000000070f000000| Untracked 
| 175|0x000000070f100000, 0x000000070f100000, 0x000000070f200000|  0%| F|  |TAMS 0x000000070f100000, 0x000000070f100000| Untracked 
| 176|0x000000070f200000, 0x000000070f200000, 0x000000070f300000|  0%| F|  |TAMS 0x000000070f200000, 0x000000070f200000| Untracked 
| 177|0x000000070f300000, 0x000000070f300000, 0x000000070f400000|  0%| F|  |TAMS 0x000000070f300000, 0x000000070f300000| Untracked 
| 178|0x000000070f400000, 0x000000070f400000, 0x000000070f500000|  0%| F|  |TAMS 0x000000070f400000, 0x000000070f400000| Untracked 
| 179|0x000000070f500000, 0x000000070f500000, 0x000000070f600000|  0%| F|  |TAMS 0x000000070f500000, 0x000000070f500000| Untracked 
| 180|0x000000070f600000, 0x000000070f600000, 0x000000070f700000|  0%| F|  |TAMS 0x000000070f600000, 0x000000070f600000| Untracked 
| 181|0x000000070f700000, 0x000000070f700000, 0x000000070f800000|  0%| F|  |TAMS 0x000000070f700000, 0x000000070f700000| Untracked 
| 182|0x000000070f800000, 0x000000070f800000, 0x000000070f900000|  0%| F|  |TAMS 0x000000070f800000, 0x000000070f800000| Untracked 
| 183|0x000000070f900000, 0x000000070f900000, 0x000000070fa00000|  0%| F|  |TAMS 0x000000070f900000, 0x000000070f900000| Untracked 
| 184|0x000000070fa00000, 0x000000070fa00000, 0x000000070fb00000|  0%| F|  |TAMS 0x000000070fa00000, 0x000000070fa00000| Untracked 
| 185|0x000000070fb00000, 0x000000070fb00000, 0x000000070fc00000|  0%| F|  |TAMS 0x000000070fb00000, 0x000000070fb00000| Untracked 
| 186|0x000000070fc00000, 0x000000070fc00000, 0x000000070fd00000|  0%| F|  |TAMS 0x000000070fc00000, 0x000000070fc00000| Untracked 
| 187|0x000000070fd00000, 0x000000070fd00000, 0x000000070fe00000|  0%| F|  |TAMS 0x000000070fd00000, 0x000000070fd00000| Untracked 
| 188|0x000000070fe00000, 0x000000070fe00000, 0x000000070ff00000|  0%| F|  |TAMS 0x000000070fe00000, 0x000000070fe00000| Untracked 
| 189|0x000000070ff00000, 0x000000070ff00000, 0x0000000710000000|  0%| F|  |TAMS 0x000000070ff00000, 0x000000070ff00000| Untracked 
| 190|0x0000000710000000, 0x0000000710000000, 0x0000000710100000|  0%| F|  |TAMS 0x0000000710000000, 0x0000000710000000| Untracked 
| 191|0x0000000710100000, 0x0000000710100000, 0x0000000710200000|  0%| F|  |TAMS 0x0000000710100000, 0x0000000710100000| Untracked 
| 192|0x0000000710200000, 0x0000000710200000, 0x0000000710300000|  0%| F|  |TAMS 0x0000000710200000, 0x0000000710200000| Untracked 
| 193|0x0000000710300000, 0x0000000710300000, 0x0000000710400000|  0%| F|  |TAMS 0x0000000710300000, 0x0000000710300000| Untracked 
| 194|0x0000000710400000, 0x0000000710400000, 0x0000000710500000|  0%| F|  |TAMS 0x0000000710400000, 0x0000000710400000| Untracked 
| 195|0x0000000710500000, 0x0000000710500000, 0x0000000710600000|  0%| F|  |TAMS 0x0000000710500000, 0x0000000710500000| Untracked 
| 196|0x0000000710600000, 0x0000000710600000, 0x0000000710700000|  0%| F|  |TAMS 0x0000000710600000, 0x0000000710600000| Untracked 
| 197|0x0000000710700000, 0x0000000710700000, 0x0000000710800000|  0%| F|  |TAMS 0x0000000710700000, 0x0000000710700000| Untracked 
| 198|0x0000000710800000, 0x0000000710800000, 0x0000000710900000|  0%| F|  |TAMS 0x0000000710800000, 0x0000000710800000| Untracked 
| 199|0x0000000710900000, 0x0000000710900000, 0x0000000710a00000|  0%| F|  |TAMS 0x0000000710900000, 0x0000000710900000| Untracked 
| 200|0x0000000710a00000, 0x0000000710a00000, 0x0000000710b00000|  0%| F|  |TAMS 0x0000000710a00000, 0x0000000710a00000| Untracked 
| 201|0x0000000710b00000, 0x0000000710b00000, 0x0000000710c00000|  0%| F|  |TAMS 0x0000000710b00000, 0x0000000710b00000| Untracked 
| 202|0x0000000710c00000, 0x0000000710c00000, 0x0000000710d00000|  0%| F|  |TAMS 0x0000000710c00000, 0x0000000710c00000| Untracked 
| 203|0x0000000710d00000, 0x0000000710d00000, 0x0000000710e00000|  0%| F|  |TAMS 0x0000000710d00000, 0x0000000710d00000| Untracked 
| 204|0x0000000710e00000, 0x0000000710e00000, 0x0000000710f00000|  0%| F|  |TAMS 0x0000000710e00000, 0x0000000710e00000| Untracked 
| 205|0x0000000710f00000, 0x0000000710f00000, 0x0000000711000000|  0%| F|  |TAMS 0x0000000710f00000, 0x0000000710f00000| Untracked 
| 206|0x0000000711000000, 0x0000000711000000, 0x0000000711100000|  0%| F|  |TAMS 0x0000000711000000, 0x0000000711000000| Untracked 
| 207|0x0000000711100000, 0x0000000711100000, 0x0000000711200000|  0%| F|  |TAMS 0x0000000711100000, 0x0000000711100000| Untracked 
| 208|0x0000000711200000, 0x0000000711200000, 0x0000000711300000|  0%| F|  |TAMS 0x0000000711200000, 0x0000000711200000| Untracked 
| 209|0x0000000711300000, 0x0000000711300000, 0x0000000711400000|  0%| F|  |TAMS 0x0000000711300000, 0x0000000711300000| Untracked 
| 210|0x0000000711400000, 0x0000000711400000, 0x0000000711500000|  0%| F|  |TAMS 0x0000000711400000, 0x0000000711400000| Untracked 
| 211|0x0000000711500000, 0x0000000711500000, 0x0000000711600000|  0%| F|  |TAMS 0x0000000711500000, 0x0000000711500000| Untracked 
| 212|0x0000000711600000, 0x0000000711600000, 0x0000000711700000|  0%| F|  |TAMS 0x0000000711600000, 0x0000000711600000| Untracked 
| 213|0x0000000711700000, 0x0000000711700000, 0x0000000711800000|  0%| F|  |TAMS 0x0000000711700000, 0x0000000711700000| Untracked 
| 214|0x0000000711800000, 0x0000000711800000, 0x0000000711900000|  0%| F|  |TAMS 0x0000000711800000, 0x0000000711800000| Untracked 
| 215|0x0000000711900000, 0x0000000711900000, 0x0000000711a00000|  0%| F|  |TAMS 0x0000000711900000, 0x0000000711900000| Untracked 
| 216|0x0000000711a00000, 0x0000000711a00000, 0x0000000711b00000|  0%| F|  |TAMS 0x0000000711a00000, 0x0000000711a00000| Untracked 
| 217|0x0000000711b00000, 0x0000000711b00000, 0x0000000711c00000|  0%| F|  |TAMS 0x0000000711b00000, 0x0000000711b00000| Untracked 
| 218|0x0000000711c00000, 0x0000000711c00000, 0x0000000711d00000|  0%| F|  |TAMS 0x0000000711c00000, 0x0000000711c00000| Untracked 
| 219|0x0000000711d00000, 0x0000000711d00000, 0x0000000711e00000|  0%| F|  |TAMS 0x0000000711d00000, 0x0000000711d00000| Untracked 
| 220|0x0000000711e00000, 0x0000000711e00000, 0x0000000711f00000|  0%| F|  |TAMS 0x0000000711e00000, 0x0000000711e00000| Untracked 
| 221|0x0000000711f00000, 0x0000000711f00000, 0x0000000712000000|  0%| F|  |TAMS 0x0000000711f00000, 0x0000000711f00000| Untracked 
| 222|0x0000000712000000, 0x0000000712000000, 0x0000000712100000|  0%| F|  |TAMS 0x0000000712000000, 0x0000000712000000| Untracked 
| 223|0x0000000712100000, 0x0000000712100000, 0x0000000712200000|  0%| F|  |TAMS 0x0000000712100000, 0x0000000712100000| Untracked 
| 224|0x0000000712200000, 0x0000000712200000, 0x0000000712300000|  0%| F|  |TAMS 0x0000000712200000, 0x0000000712200000| Untracked 
| 225|0x0000000712300000, 0x0000000712300000, 0x0000000712400000|  0%| F|  |TAMS 0x0000000712300000, 0x0000000712300000| Untracked 
| 226|0x0000000712400000, 0x0000000712400000, 0x0000000712500000|  0%| F|  |TAMS 0x0000000712400000, 0x0000000712400000| Untracked 
| 227|0x0000000712500000, 0x0000000712580800, 0x0000000712600000| 50%| E|  |TAMS 0x0000000712500000, 0x0000000712500000| Complete 
| 228|0x0000000712600000, 0x0000000712700000, 0x0000000712700000|100%| E|CS|TAMS 0x0000000712600000, 0x0000000712600000| Complete 
| 229|0x0000000712700000, 0x0000000712800000, 0x0000000712800000|100%| E|CS|TAMS 0x0000000712700000, 0x0000000712700000| Complete 
| 230|0x0000000712800000, 0x0000000712900000, 0x0000000712900000|100%| E|CS|TAMS 0x0000000712800000, 0x0000000712800000| Complete 
| 231|0x0000000712900000, 0x0000000712a00000, 0x0000000712a00000|100%| E|CS|TAMS 0x0000000712900000, 0x0000000712900000| Complete 
| 232|0x0000000712a00000, 0x0000000712b00000, 0x0000000712b00000|100%| E|CS|TAMS 0x0000000712a00000, 0x0000000712a00000| Complete 
| 233|0x0000000712b00000, 0x0000000712c00000, 0x0000000712c00000|100%| E|CS|TAMS 0x0000000712b00000, 0x0000000712b00000| Complete 
| 234|0x0000000712c00000, 0x0000000712d00000, 0x0000000712d00000|100%| E|CS|TAMS 0x0000000712c00000, 0x0000000712c00000| Complete 
| 235|0x0000000712d00000, 0x0000000712e00000, 0x0000000712e00000|100%| E|CS|TAMS 0x0000000712d00000, 0x0000000712d00000| Complete 
| 236|0x0000000712e00000, 0x0000000712f00000, 0x0000000712f00000|100%| E|CS|TAMS 0x0000000712e00000, 0x0000000712e00000| Complete 
| 237|0x0000000712f00000, 0x0000000713000000, 0x0000000713000000|100%| E|CS|TAMS 0x0000000712f00000, 0x0000000712f00000| Complete 
| 238|0x0000000713000000, 0x0000000713100000, 0x0000000713100000|100%| E|CS|TAMS 0x0000000713000000, 0x0000000713000000| Complete 
| 239|0x0000000713100000, 0x0000000713200000, 0x0000000713200000|100%| E|CS|TAMS 0x0000000713100000, 0x0000000713100000| Complete 
| 240|0x0000000713200000, 0x0000000713300000, 0x0000000713300000|100%| E|CS|TAMS 0x0000000713200000, 0x0000000713200000| Complete 
| 241|0x0000000713300000, 0x0000000713400000, 0x0000000713400000|100%| E|CS|TAMS 0x0000000713300000, 0x0000000713300000| Complete 
| 242|0x0000000713400000, 0x0000000713500000, 0x0000000713500000|100%| E|CS|TAMS 0x0000000713400000, 0x0000000713400000| Complete 
| 243|0x0000000713500000, 0x0000000713600000, 0x0000000713600000|100%| E|CS|TAMS 0x0000000713500000, 0x0000000713500000| Complete 
| 244|0x0000000713600000, 0x0000000713700000, 0x0000000713700000|100%| E|CS|TAMS 0x0000000713600000, 0x0000000713600000| Complete 
| 245|0x0000000713700000, 0x0000000713800000, 0x0000000713800000|100%| E|CS|TAMS 0x0000000713700000, 0x0000000713700000| Complete 
| 246|0x0000000713800000, 0x0000000713900000, 0x0000000713900000|100%| E|CS|TAMS 0x0000000713800000, 0x0000000713800000| Complete 
| 247|0x0000000713900000, 0x0000000713a00000, 0x0000000713a00000|100%| E|CS|TAMS 0x0000000713900000, 0x0000000713900000| Complete 
| 248|0x0000000713a00000, 0x0000000713b00000, 0x0000000713b00000|100%| E|CS|TAMS 0x0000000713a00000, 0x0000000713a00000| Complete 
| 249|0x0000000713b00000, 0x0000000713c00000, 0x0000000713c00000|100%| E|CS|TAMS 0x0000000713b00000, 0x0000000713b00000| Complete 
| 250|0x0000000713c00000, 0x0000000713d00000, 0x0000000713d00000|100%| E|CS|TAMS 0x0000000713c00000, 0x0000000713c00000| Complete 
| 251|0x0000000713d00000, 0x0000000713e00000, 0x0000000713e00000|100%| E|CS|TAMS 0x0000000713d00000, 0x0000000713d00000| Complete 

Card table byte_map: [0x000001d39af40000,0x000001d39b720000] _byte_map_base: 0x000001d39771f000

Marking Bits (Prev, Next): (CMBitMap*) 0x000001d3836a88b8, (CMBitMap*) 0x000001d3836a88f0
 Prev Bits: [0x000001d39bf00000, 0x000001d39fdf8000)
 Next Bits: [0x000001d39fe00000, 0x000001d3a3cf8000)

Polling page: 0x000001d381dc0000

Metaspace:

Usage:
  Non-class:     32.60 MB capacity,    32.12 MB ( 99%) used,   418.09 KB (  1%) free+waste,    64.13 KB ( <1%) overhead. 
      Class:      4.01 MB capacity,     3.73 MB ( 93%) used,   261.13 KB (  6%) free+waste,    26.88 KB ( <1%) overhead. 
       Both:     36.61 MB capacity,    35.86 MB ( 98%) used,   679.22 KB (  2%) free+waste,    91.00 KB ( <1%) overhead. 

Virtual space:
  Non-class space:       34.00 MB reserved,      32.67 MB ( 96%) committed 
      Class space:        1.00 GB reserved,       4.13 MB ( <1%) committed 
             Both:        1.03 GB reserved,      36.80 MB (  3%) committed 

Chunk freelists:
   Non-Class:  1.75 KB
       Class:  0 bytes
        Both:  1.75 KB

CodeHeap 'non-profiled nmethods': size=120000Kb used=4526Kb max_used=4526Kb free=115473Kb
 bounds [0x000001d3927a0000, 0x000001d392c10000, 0x000001d399cd0000]
CodeHeap 'profiled nmethods': size=120000Kb used=17210Kb max_used=17210Kb free=102789Kb
 bounds [0x000001d38b270000, 0x000001d38c340000, 0x000001d3927a0000]
CodeHeap 'non-nmethods': size=5760Kb used=1167Kb max_used=1226Kb free=4592Kb
 bounds [0x000001d38acd0000, 0x000001d38af40000, 0x000001d38b270000]
 total_blobs=7531 nmethods=7046 adapters=395
 compilation: enabled
              stopped_count=0, restarted_count=0
 full_count=0

Compilation events (10 events):
Event: 8.905 Thread 0x000001d3a7199000 nmethod 7085 0x000001d392c0a910 code [0x000001d392c0aaa0, 0x000001d392c0ab58]
Event: 8.908 Thread 0x000001d3a7199000 7087       2       lombok.core.LombokNode::getNodeFor (9 bytes)
Event: 8.908 Thread 0x000001d3a7199000 nmethod 7087 0x000001d38c328090 code [0x000001d38c328240, 0x000001d38c3283d8]
Event: 8.908 Thread 0x000001d3a7199000 7088       2       lombok.core.AST::get (14 bytes)
Event: 8.909 Thread 0x000001d3a7199000 nmethod 7088 0x000001d38c328510 code [0x000001d38c3286c0, 0x000001d38c328828]
Event: 8.910 Thread 0x000001d3a7199000 7089       2       lombok.javac.handlers.JavacHandlerUtil::recursiveSetGeneratedBy (26 bytes)
Event: 8.910 Thread 0x000001d3a7199000 nmethod 7089 0x000001d38c328910 code [0x000001d38c328ac0, 0x000001d38c328cf8]
Event: 8.911 Thread 0x000001d3a7199000 7090       2       lombok.javac.handlers.JavacHandlerUtil$MarkingScanner::<init> (10 bytes)
Event: 8.911 Thread 0x000001d3a7199000 nmethod 7090 0x000001d38c328e10 code [0x000001d38c328fa0, 0x000001d38c3290f8]
Event: 8.911 Thread 0x000001d3a7199000 7091       1       lombok.delombok.FormatPreferences::generateSuppressWarnings (5 bytes)

GC Heap History (10 events):
Event: 4.059 GC heap before
{Heap before GC invocations=3 (full 0):
 garbage-first heap   total 258048K, used 95751K [0x0000000704200000, 0x0000000800000000)
  region size 1024K, 91 young (93184K), 10 survivors (10240K)
 Metaspace       used 29774K, capacity 30305K, committed 30512K, reserved 1077248K
  class space    used 3183K, capacity 3400K, committed 3456K, reserved 1048576K
}
Event: 4.072 GC heap after
{Heap after GC invocations=4 (full 0):
 garbage-first heap   total 258048K, used 23632K [0x0000000704200000, 0x0000000800000000)
  region size 1024K, 12 young (12288K), 12 survivors (12288K)
 Metaspace       used 29774K, capacity 30305K, committed 30512K, reserved 1077248K
  class space    used 3183K, capacity 3400K, committed 3456K, reserved 1048576K
}
Event: 5.807 GC heap before
{Heap before GC invocations=4 (full 0):
 garbage-first heap   total 258048K, used 118864K [0x0000000704200000, 0x0000000800000000)
  region size 1024K, 105 young (107520K), 12 survivors (12288K)
 Metaspace       used 32729K, capacity 33396K, committed 33712K, reserved 1079296K
  class space    used 3487K, capacity 3736K, committed 3840K, reserved 1048576K
}
Event: 5.821 GC heap after
{Heap after GC invocations=5 (full 0):
 garbage-first heap   total 258048K, used 42380K [0x0000000704200000, 0x0000000800000000)
  region size 1024K, 14 young (14336K), 14 survivors (14336K)
 Metaspace       used 32729K, capacity 33396K, committed 33712K, reserved 1079296K
  class space    used 3487K, capacity 3736K, committed 3840K, reserved 1048576K
}
Event: 6.346 GC heap before
{Heap before GC invocations=5 (full 0):
 garbage-first heap   total 258048K, used 155020K [0x0000000704200000, 0x0000000800000000)
  region size 1024K, 45 young (46080K), 14 survivors (14336K)
 Metaspace       used 33595K, capacity 34359K, committed 34608K, reserved 1079296K
  class space    used 3546K, capacity 3843K, committed 3968K, reserved 1048576K
}
Event: 6.355 GC heap after
{Heap after GC invocations=6 (full 0):
 garbage-first heap   total 258048K, used 76800K [0x0000000704200000, 0x0000000800000000)
  region size 1024K, 3 young (3072K), 3 survivors (3072K)
 Metaspace       used 33595K, capacity 34359K, committed 34608K, reserved 1079296K
  class space    used 3546K, capacity 3843K, committed 3968K, reserved 1048576K
}
Event: 7.764 GC heap before
{Heap before GC invocations=7 (full 0):
 garbage-first heap   total 258048K, used 178176K [0x0000000704200000, 0x0000000800000000)
  region size 1024K, 83 young (84992K), 3 survivors (3072K)
 Metaspace       used 34410K, capacity 35184K, committed 35376K, reserved 1081344K
  class space    used 3593K, capacity 3885K, committed 3968K, reserved 1048576K
}
Event: 7.773 GC heap after
{Heap after GC invocations=8 (full 0):
 garbage-first heap   total 258048K, used 65268K [0x0000000704200000, 0x0000000800000000)
  region size 1024K, 11 young (11264K), 11 survivors (11264K)
 Metaspace       used 34410K, capacity 35184K, committed 35376K, reserved 1081344K
  class space    used 3593K, capacity 3885K, committed 3968K, reserved 1048576K
}
Event: 8.831 GC heap before
{Heap before GC invocations=8 (full 0):
 garbage-first heap   total 258048K, used 150260K [0x0000000704200000, 0x0000000800000000)
  region size 1024K, 95 young (97280K), 11 survivors (11264K)
 Metaspace       used 36658K, capacity 37483K, committed 37680K, reserved 1083392K
  class space    used 3820K, capacity 4109K, committed 4224K, reserved 1048576K
}
Event: 8.839 GC heap after
{Heap after GC invocations=9 (full 0):
 garbage-first heap   total 258048K, used 70899K [0x0000000704200000, 0x0000000800000000)
  region size 1024K, 5 young (5120K), 5 survivors (5120K)
 Metaspace       used 36658K, capacity 37483K, committed 37680K, reserved 1083392K
  class space    used 3820K, capacity 4109K, committed 4224K, reserved 1048576K
}

Deoptimization events (10 events):
Event: 8.494 Thread 0x000001d383646000 Uncommon trap: reason=class_check action=maybe_recompile pc=0x000001d3928e5614 method=java.util.Collections$UnmodifiableMap$UnmodifiableEntrySet$1.hasNext()Z @ 4 c2
Event: 8.495 Thread 0x000001d383646000 Uncommon trap: reason=class_check action=maybe_recompile pc=0x000001d3928e7304 method=java.util.Collections$UnmodifiableMap$UnmodifiableEntrySet$1.next()Ljava/util/Map$Entry; @ 8 c2
Event: 8.495 Thread 0x000001d383646000 Uncommon trap: reason=class_check action=maybe_recompile pc=0x000001d3928e788c method=java.util.Collections$UnmodifiableMap$UnmodifiableEntrySet$UnmodifiableEntry.getKey()Ljava/lang/Object; @ 4 c2
Event: 8.495 Thread 0x000001d383646000 Uncommon trap: reason=class_check action=maybe_recompile pc=0x000001d3928e4d0c method=java.util.Collections$UnmodifiableMap$UnmodifiableEntrySet$UnmodifiableEntry.getValue()Ljava/lang/Object; @ 4 c2
Event: 8.497 Thread 0x000001d383646000 Uncommon trap: reason=unstable_if action=reinterpret pc=0x000001d392bf00a4 method=java.io.WinNTFileSystem.resolve(Ljava/lang/String;Ljava/lang/String;)Ljava/lang/String; @ 156 c2
Event: 8.640 Thread 0x000001d383646000 Uncommon trap: reason=unstable_if action=reinterpret pc=0x000001d392ac0544 method=java.util.HashMap.removeNode(ILjava/lang/Object;Ljava/lang/Object;ZZ)Ljava/util/HashMap$Node; @ 62 c2
Event: 8.706 Thread 0x000001d383646000 Uncommon trap: reason=unstable_if action=reinterpret pc=0x000001d392a5c518 method=java.util.regex.Pattern.compile()V @ 423 c2
Event: 8.802 Thread 0x000001d383646000 Uncommon trap: reason=unstable_if action=reinterpret pc=0x000001d392bdfc5c method=java.util.regex.Matcher.reset()Ljava/util/regex/Matcher; @ 71 c2
Event: 8.802 Thread 0x000001d383646000 Uncommon trap: reason=unstable_if action=reinterpret pc=0x000001d3929d9ec4 method=java.util.regex.Matcher.match(II)Z @ 76 c2
Event: 8.804 Thread 0x000001d383646000 Uncommon trap: reason=unstable_if action=reinterpret pc=0x000001d39292c180 method=java.util.regex.Matcher.reset()Ljava/util/regex/Matcher; @ 71 c2

Classes redefined (0 events):
No events

Internal exceptions (10 events):
Event: 8.012 Thread 0x000001d383646000 Exception <a 'sun/nio/fs/WindowsException'{0x0000000712c486c0}> (0x0000000712c486c0) thrown at [./open/src/hotspot/share/prims/jni.cpp, line 611]
Event: 8.012 Thread 0x000001d383646000 Exception <a 'sun/nio/fs/WindowsException'{0x0000000712c710b0}> (0x0000000712c710b0) thrown at [./open/src/hotspot/share/prims/jni.cpp, line 611]
Event: 8.012 Thread 0x000001d383646000 Exception <a 'sun/nio/fs/WindowsException'{0x0000000712c71480}> (0x0000000712c71480) thrown at [./open/src/hotspot/share/prims/jni.cpp, line 611]
Event: 8.013 Thread 0x000001d383646000 Exception <a 'sun/nio/fs/WindowsException'{0x0000000712c724d0}> (0x0000000712c724d0) thrown at [./open/src/hotspot/share/prims/jni.cpp, line 611]
Event: 8.013 Thread 0x000001d383646000 Exception <a 'sun/nio/fs/WindowsException'{0x0000000712c72900}> (0x0000000712c72900) thrown at [./open/src/hotspot/share/prims/jni.cpp, line 611]
Event: 8.013 Thread 0x000001d383646000 Exception <a 'sun/nio/fs/WindowsException'{0x0000000712c73980}> (0x0000000712c73980) thrown at [./open/src/hotspot/share/prims/jni.cpp, line 611]
Event: 8.013 Thread 0x000001d383646000 Exception <a 'sun/nio/fs/WindowsException'{0x0000000712c73dd0}> (0x0000000712c73dd0) thrown at [./open/src/hotspot/share/prims/jni.cpp, line 611]
Event: 8.118 Thread 0x000001d383646000 Implicit null exception at 0x000001d3928f1d93 to 0x000001d3928f2168
Event: 8.129 Thread 0x000001d383646000 Implicit null exception at 0x000001d3928addd5 to 0x000001d3928adfa8
Event: 8.640 Thread 0x000001d383646000 Implicit null exception at 0x000001d392abfc72 to 0x000001d392ac04f7

Events (10 events):
Event: 8.802 Thread 0x000001d383646000 DEOPT UNPACKING pc=0x000001d38acd83af sp=0x000000218c0fbfb8 mode 2
Event: 8.804 Thread 0x000001d383646000 Uncommon trap: trap_request=0xffffff4d fr.pc=0x000001d39292c180 relative=0x0000000000000240
Event: 8.804 Thread 0x000001d383646000 DEOPT PACKING pc=0x000001d39292c180 sp=0x000000218c0fbfa0
Event: 8.804 Thread 0x000001d383646000 DEOPT UNPACKING pc=0x000001d38acd83af sp=0x000000218c0fbf28 mode 2
Event: 8.818 Thread 0x000001d383646000 DEOPT PACKING pc=0x000001d38c222c79 sp=0x000000218c0f8a90
Event: 8.818 Thread 0x000001d383646000 DEOPT UNPACKING pc=0x000001d38acf7e8e sp=0x000000218c0f7f88 mode 0
Event: 8.831 Executing VM operation: G1CollectForAllocation
Event: 8.840 Executing VM operation: G1CollectForAllocation done
Event: 8.891 Thread 0x000001d383646000 DEOPT PACKING pc=0x000001d38c30a09c sp=0x000000218c0fc430
Event: 8.891 Thread 0x000001d383646000 DEOPT UNPACKING pc=0x000001d38acf7e8e sp=0x000000218c0fb908 mode 0


Dynamic libraries:
0x00007ff7b7370000 - 0x00007ff7b737f000 	C:\Program Files\java\jdk-11.0.14\bin\javaw.exe
0x00007ffdfbdf0000 - 0x00007ffdfbfe5000 	C:\WINDOWS\SYSTEM32\ntdll.dll
0x00007ffdfb6e0000 - 0x00007ffdfb79e000 	C:\WINDOWS\System32\KERNEL32.DLL
0x00007ffdf9510000 - 0x00007ffdf97d8000 	C:\WINDOWS\System32\KERNELBASE.dll
0x00007ffdf9c10000 - 0x00007ffdf9d10000 	C:\WINDOWS\System32\ucrtbase.dll
0x00007ffdf2420000 - 0x00007ffdf2438000 	C:\Program Files\java\jdk-11.0.14\bin\jli.dll
0x00007ffdfaf80000 - 0x00007ffdfb02e000 	C:\WINDOWS\System32\ADVAPI32.dll
0x00007ffdfb5d0000 - 0x00007ffdfb66e000 	C:\WINDOWS\System32\msvcrt.dll
0x00007ffdf1d50000 - 0x00007ffdf1d65000 	C:\Program Files\java\jdk-11.0.14\bin\VCRUNTIME140.dll
0x00007ffdfa5b0000 - 0x00007ffdfa64c000 	C:\WINDOWS\System32\sechost.dll
0x00007ffdfb860000 - 0x00007ffdfb985000 	C:\WINDOWS\System32\RPCRT4.dll
0x00007ffdfba50000 - 0x00007ffdfbbf0000 	C:\WINDOWS\System32\USER32.dll
0x00007ffdf9e20000 - 0x00007ffdf9e42000 	C:\WINDOWS\System32\win32u.dll
0x00007ffdfaa80000 - 0x00007ffdfaaab000 	C:\WINDOWS\System32\GDI32.dll
0x00007ffdf9d10000 - 0x00007ffdf9e1b000 	C:\WINDOWS\System32\gdi32full.dll
0x00007ffde00e0000 - 0x00007ffde037a000 	C:\WINDOWS\WinSxS\amd64_microsoft.windows.common-controls_6595b64144ccf1df_6.0.19041.1110_none_60b5254171f9507e\COMCTL32.dll
0x00007ffdf9a70000 - 0x00007ffdf9b0d000 	C:\WINDOWS\System32\msvcp_win.dll
0x00007ffdef760000 - 0x00007ffdef76a000 	C:\WINDOWS\SYSTEM32\VERSION.dll
0x00007ffdfb030000 - 0x00007ffdfb060000 	C:\WINDOWS\System32\IMM32.DLL
0x00007ffdd50a0000 - 0x00007ffdd513b000 	C:\Program Files\java\jdk-11.0.14\bin\msvcp140.dll
0x00007ffdb8500000 - 0x00007ffdb9016000 	C:\Program Files\java\jdk-11.0.14\bin\server\jvm.dll
0x00007ffdfb850000 - 0x00007ffdfb858000 	C:\WINDOWS\System32\PSAPI.DLL
0x00007ffdddb90000 - 0x00007ffdddb99000 	C:\WINDOWS\SYSTEM32\WSOCK32.dll
0x00007ffdde790000 - 0x00007ffdde7b7000 	C:\WINDOWS\SYSTEM32\WINMM.dll
0x00007ffdfb670000 - 0x00007ffdfb6db000 	C:\WINDOWS\System32\WS2_32.dll
0x00007ffdf7db0000 - 0x00007ffdf7dc2000 	C:\WINDOWS\SYSTEM32\kernel.appcore.dll
0x00007ffdf20d0000 - 0x00007ffdf20e0000 	C:\Program Files\java\jdk-11.0.14\bin\verify.dll
0x00007ffdf7300000 - 0x00007ffdf74e4000 	C:\WINDOWS\SYSTEM32\DBGHELP.DLL
0x00007ffdf6500000 - 0x00007ffdf652c000 	C:\WINDOWS\SYSTEM32\dbgcore.DLL
0x00007ffdf9850000 - 0x00007ffdf98d2000 	C:\WINDOWS\System32\bcryptPrimitives.dll
0x00007ffdde260000 - 0x00007ffdde288000 	C:\Program Files\java\jdk-11.0.14\bin\java.dll
0x00007ffdf1d40000 - 0x00007ffdf1d4a000 	C:\Program Files\java\jdk-11.0.14\bin\jimage.dll
0x00007ffdf0d50000 - 0x00007ffdf0d66000 	C:\Program Files\java\jdk-11.0.14\bin\zip.dll
0x00007ffdf9e60000 - 0x00007ffdfa5a4000 	C:\WINDOWS\System32\SHELL32.dll
0x00007ffdf7600000 - 0x00007ffdf7d94000 	C:\WINDOWS\SYSTEM32\windows.storage.dll
0x00007ffdfa650000 - 0x00007ffdfa9a4000 	C:\WINDOWS\System32\combase.dll
0x00007ffdf8f70000 - 0x00007ffdf8f9c000 	C:\WINDOWS\SYSTEM32\Wldp.dll
0x00007ffdfaab0000 - 0x00007ffdfab5d000 	C:\WINDOWS\System32\SHCORE.dll
0x00007ffdfb550000 - 0x00007ffdfb5a5000 	C:\WINDOWS\System32\shlwapi.dll
0x00007ffdf9450000 - 0x00007ffdf946f000 	C:\WINDOWS\SYSTEM32\profapi.dll
0x00007ffdef770000 - 0x00007ffdef789000 	C:\Program Files\java\jdk-11.0.14\bin\net.dll
0x00007ffdf6380000 - 0x00007ffdf6489000 	C:\WINDOWS\SYSTEM32\WINHTTP.dll
0x00007ffdf8cd0000 - 0x00007ffdf8d3a000 	C:\WINDOWS\system32\mswsock.dll
0x00007ffde53b0000 - 0x00007ffde53c2000 	C:\Program Files\java\jdk-11.0.14\bin\nio.dll
0x00007ffdf8ec0000 - 0x00007ffdf8ed8000 	C:\WINDOWS\SYSTEM32\CRYPTSP.dll
0x00007ffdf85e0000 - 0x00007ffdf8614000 	C:\WINDOWS\system32\rsaenh.dll
0x00007ffdf9a40000 - 0x00007ffdf9a67000 	C:\WINDOWS\System32\bcrypt.dll
0x00007ffdf9410000 - 0x00007ffdf943e000 	C:\WINDOWS\SYSTEM32\USERENV.dll
0x00007ffdf8ee0000 - 0x00007ffdf8eec000 	C:\WINDOWS\SYSTEM32\CRYPTBASE.dll
0x00007ffdf8970000 - 0x00007ffdf89ab000 	C:\WINDOWS\SYSTEM32\IPHLPAPI.DLL
0x00007ffdf9e50000 - 0x00007ffdf9e58000 	C:\WINDOWS\System32\NSI.dll
0x00007ffdeec60000 - 0x00007ffdeec77000 	C:\WINDOWS\SYSTEM32\dhcpcsvc6.DLL
0x00007ffdef410000 - 0x00007ffdef42d000 	C:\WINDOWS\SYSTEM32\dhcpcsvc.DLL
0x00007ffdf8a10000 - 0x00007ffdf8ada000 	C:\WINDOWS\SYSTEM32\DNSAPI.dll
0x00007ffdf1d30000 - 0x00007ffdf1d3a000 	C:\Users\KIM\AppData\Local\Temp\jansi-1.17.1-5327475124359048008.dll

dbghelp: loaded successfully - version: 4.0.5 - missing functions: none
symbol engine: initialized successfully - sym options: 0x614 - pdb path: .;C:\Program Files\java\jdk-11.0.14\bin;C:\WINDOWS\SYSTEM32;C:\WINDOWS\WinSxS\amd64_microsoft.windows.common-controls_6595b64144ccf1df_6.0.19041.1110_none_60b5254171f9507e;C:\Program Files\java\jdk-11.0.14\bin\server;C:\Users\KIM\AppData\Local\Temp

VM Arguments:
jvm_args: -Dmaven.home=EMBEDDED -Dclassworlds.conf=D:\workspace\.metadata\.plugins\org.eclipse.m2e.launching\launches\m2conf13928056198889176975.tmp -Dmaven.multiModuleProjectDirectory=C:\Users\KIM\git\SpringBootJpaShopBookRemake\jpa_shop_book_re -Djansi.force=true -Djansi.passthrough=true -Dfile.encoding=UTF-8 
java_command: org.codehaus.plexus.classworlds.launcher.Launcher -Ppom.xml -B install -Dstyle.color=always
java_class_path (initial): D:\IDE\sts-4.11.0.RELEASE\plugins\org.eclipse.m2e.maven.runtime_1.18.0.20210603-1206\jars\plexus-classworlds-2.6.0.jar
Launcher Type: SUN_STANDARD

[Global flags]
     intx CICompilerCount                          = 4                                         {product} {ergonomic}
     uint ConcGCThreads                            = 2                                         {product} {ergonomic}
     uint G1ConcRefinementThreads                  = 8                                         {product} {ergonomic}
   size_t G1HeapRegionSize                         = 1048576                                   {product} {ergonomic}
    uintx GCDrainStackTargetSize                   = 64                                        {product} {ergonomic}
   size_t InitialHeapSize                          = 264241152                                 {product} {ergonomic}
   size_t MarkStackSize                            = 4194304                                   {product} {ergonomic}
   size_t MaxHeapSize                              = 4225761280                                {product} {ergonomic}
   size_t MaxNewSize                               = 2535456768                                {product} {ergonomic}
   size_t MinHeapDeltaBytes                        = 1048576                                   {product} {ergonomic}
    uintx NonNMethodCodeHeapSize                   = 5836300                                {pd product} {ergonomic}
    uintx NonProfiledCodeHeapSize                  = 122910970                              {pd product} {ergonomic}
    uintx ProfiledCodeHeapSize                     = 122910970                              {pd product} {ergonomic}
    uintx ReservedCodeCacheSize                    = 251658240                              {pd product} {ergonomic}
     bool SegmentedCodeCache                       = true                                      {product} {ergonomic}
     bool UseCompressedClassPointers               = true                                 {lp64_product} {ergonomic}
     bool UseCompressedOops                        = true                                 {lp64_product} {ergonomic}
     bool UseG1GC                                  = true                                      {product} {ergonomic}
     bool UseLargePagesIndividualAllocation        = false                                  {pd product} {ergonomic}

Logging:
Log output configuration:
 #0: stdout all=warning uptime,level,tags
 #1: stderr all=off uptime,level,tags

Environment Variables:
JAVA_HOME=C:\Program Files\java\jdk-13.0.2
CLASSPATH=C:\Program Files\java\jdk-13.0.2\lib;.;C:\Program Files (x86)\QuickTime\QTSystem\QTJava.zip;
PATH=C:/Program Files/java/jdk-13.0.2/bin/server;C:/Program Files/java/jdk-13.0.2/bin;C:\app\KIM\product\18.0.0\dbhomeXE\bin;C:\app\KIM\product\21c\dbhomeXE\bin;C:\Program Files (x86)\H2\bin\bin;C:\Program Files\java\jdk-13.0.2\bin;C:\ProgramData\Anaconda3;C:\ProgramData\Anaconda3\Library\mingw-w64\bin;C:\ProgramData\Anaconda3\Library\usr\bin;C:\ProgramData\Anaconda3\Library\bin;C:\ProgramData\Anaconda3\Scripts;C:\WINDOWS\system32;C:\WINDOWS;C:\WINDOWS\System32\Wbem;C:\WINDOWS\System32\WindowsPowerShell\v1.0\;C:\WINDOWS\System32\OpenSSH\;C:\ProgramData\Microsoft\Windows\Start Menu\Programs\Python 3.7;D:\Git\cmd;C:\Program Files\nodejs\;D:\matlab\bin;C:\Program Files (x86)\QuickTime\QTSystem\;C:\ProgramData\chocolatey\bin;C:\ProgramData\chocolatey\lib\maven\apache-maven-3.8.2\bin;%ORACLE_HOME\bin%;C:\Program Files\MySQL\MySQL Server 8.0\bin;C:\Program Files (x86)\H2\bin\bin;C:\Program Files\java\jdk-13.0.2\bin;C:\ProgramData\Anaconda3;C:\ProgramData\Anaconda3\Library\mingw-w64\bin;C:\ProgramData\Anaconda3\Library\usr\bin;C:\ProgramData\Anaconda3\Library\bin;C:\ProgramData\Anaconda3\Scripts;C:\WINDOWS\system32;C:\WINDOWS;C:\WINDOWS\System32\Wbem;C:\WINDOWS\System32\WindowsPowerShell\v1.0\;C:\WINDOWS\System32\OpenSSH\;C:\ProgramData\Microsoft\Windows\Start Menu\Programs\Python 3.7;D:\Git\cmd;C:\Program Files\nodejs\;D:\matlab\bin;C:\Program Files (x86)\QuickTime\QTSystem\;C:\Users\KIM\AppData\Local\Microsoft\WindowsApps;C:\Users\KIM\AppData\Roaming\npm;C:\Users\KIM\AppData\Local\Programs\Microsoft VS Code\bin;D:\TomcatServer\apache-tomcat-8.5.72;;D:\IDE\sts-4.11.0.RELEASE;
USERNAME=KIM
OS=Windows_NT
PROCESSOR_IDENTIFIER=Intel64 Family 6 Model 126 Stepping 5, GenuineIntel



---------------  S Y S T E M  ---------------

OS: Windows 10 , 64 bit Build 19041 (10.0.19041.1566)

CPU:total 8 (initial active 8) (4 cores per cpu, 2 threads per core) family 6 model 126 stepping 5 microcode 0x56, cmov, cx8, fxsr, mmx, sse, sse2, sse3, ssse3, sse4.1, sse4.2, popcnt, avx, avx2, aes, clmul, erms, 3dnowpref, lzcnt, ht, tsc, tscinvbit, bmi1, bmi2, adx, evex, sha, fma

Memory: 4k page, system-wide physical 16118M (4007M free)
TotalPageFile size 16118M (AvailPageFile size 5M)
current process WorkingSet (physical memory assigned to process): 416M, peak: 418M
current process commit charge ("private bytes"): 475M, peak: 477M

vm_info: Java HotSpot(TM) 64-Bit Server VM (11.0.14+8-LTS-263) for windows-amd64 JRE (11.0.14+8-LTS-263), built on Dec  7 2021 21:53:57 by "mach5one" with MS VC++ 15.9 (VS2017)

END.
